22:55:13 **** Build of configuration Debug for project sdfdsf ****
make all 
Building file: ../Exercise4.c
Invoking: AVR Compiler
avr-gcc -Wall -g2 -gstabs -O0 -fpack-struct -fshort-enums -ffunction-sections -fdata-sections -std=gnu99 -funsigned-char -funsigned-bitfields -mmcu=atmega16 -DF_CPU=1000000UL -MMD -MP -MF"Exercise4.d" -MT"Exercise4.o" -c -o "Exercise4.o" "../Exercise4.c"
In file included from ../Exercise4.c:9:
c:/winavr-20100110/lib/gcc/../../avr/include/util/delay.h:90:3: warning: #warning "Compiler optimizations disabled; functions from <util/delay.h> won't work as designed"
Finished building: ../Exercise4.c
 
Building target: sdfdsf.elf
Invoking: AVR C Linker
avr-gcc -Wl,-Map,sdfdsf.map -mmcu=atmega16 -o "sdfdsf.elf"  ./Exercise4.o   
Finished building target: sdfdsf.elf
 
Invoking: AVR Create Extended Listing
avr-objdump -h -S sdfdsf.elf  >"sdfdsf.lss"
Finished building: sdfdsf.lss
 
Invoking: Print Size
avr-size --format=avr --mcu=atmega16 sdfdsf.elf
AVR Memory Usage
----------------
Device: atmega16

Program:    3808 bytes (23.2% Full)
(.text + .data + .bootloader)

Data:          8 bytes (0.8% Full)
(.data + .bss + .noinit)


Finished building: sizedummy
 

22:55:13 Build Finished. 0 errors, 1 warnings. (took 439ms)

