12:19:52 **** Incremental Build of configuration Debug for project Func_Ex1 ****
Info: Internal Builder is used for build
gcc -O0 -g3 -Wall -c -fmessage-length=0 -o "src\\Func_Ex1.o" "..\\src\\Func_Ex1.c" 
gcc -o Func_Ex1.exe "src\\Func_Ex1.o" 
11:53:34 **** Rebuild of configuration Debug for project Func_Ex6 ****
Info: Internal Builder is used for build
gcc -O0 -g3 -Wall -c -fmessage-length=0 -o "src\\Func_Ex6.o" "..\\src\\Func_Ex6.c" 
gcc -o Func_Ex6.exe "src\\Func_Ex6.o" 
Info: Nothing to build for Func_Ex6
Info: Nothing to build for Func_Ex6
Info: Nothing to build for Func_Ex6
16:25:30 **** Rebuild of configuration Debug for project Func_Ex1 ****
Info: Internal Builder is used for build
gcc -O0 -g3 -Wall -c -fmessage-length=0 -o "src\\Func_Ex1.o" "..\\src\\Func_Ex1.c" 
gcc -o Func_Ex1.exe "src\\Func_Ex1.o" 
16:25:32 **** Rebuild of configuration Debug for project Func_Ex2 ****
Info: Internal Builder is used for build
gcc -O0 -g3 -Wall -c -fmessage-length=0 -o "src\\Func_Ex2.o" "..\\src\\Func_Ex2.c" 
gcc -o Func_Ex2.exe "src\\Func_Ex2.o" 
16:25:32 **** Rebuild of configuration Debug for project Func_Ex3 ****
Info: Internal Builder is used for build
gcc -O0 -g3 -Wall -c -fmessage-length=0 -o "src\\Func_Ex3.o" "..\\src\\Func_Ex3.c" 
gcc -o Func_Ex3.exe "src\\Func_Ex3.o" 
16:25:32 **** Rebuild of configuration Debug for project Func_Ex4 ****
Info: Internal Builder is used for build
gcc -O0 -g3 -Wall -c -fmessage-length=0 -o "src\\Func_Ex4.o" "..\\src\\Func_Ex4.c" 
gcc -o Func_Ex4.exe "src\\Func_Ex4.o" 
16:25:33 **** Rebuild of configuration Debug for project Func_Ex5 ****
Info: Internal Builder is used for build
gcc -O0 -g3 -Wall -c -fmessage-length=0 -o "src\\Func_Ex5.o" "..\\src\\Func_Ex5.c" 
gcc -o Func_Ex5.exe "src\\Func_Ex5.o" 
Info: Nothing to build for Func_Ex6
16:25:33 **** Rebuild of configuration Debug for project Func_Ex7 ****
Info: Internal Builder is used for build
gcc -O0 -g3 -Wall -c -fmessage-length=0 -o "src\\Func_Ex7.o" "..\\src\\Func_Ex7.c" 
gcc -O0 -g3 -Wall -c -fmessage-length=0 -o "src\\File1.o" "..\\src\\File1.c" 
gcc -o Func_Ex7.exe "src\\File1.o" "src\\Func_Ex7.o" 
16:25:34 **** Rebuild of configuration Debug for project Func_Ex8 ****
Info: Internal Builder is used for build
gcc -O0 -g3 -Wall -c -fmessage-length=0 -o "src\\Func_Ex8.o" "..\\src\\Func_Ex8.c" 
gcc -o Func_Ex8.exe "src\\Func_Ex8.o" 
