15:07:17 **** Incremental Build of configuration Debug for project example ****
make all 
Building file: ../Exercise2.c
Invoking: AVR Compiler
avr-gcc -Wall -g2 -gstabs -O0 -fpack-struct -fshort-enums -ffunction-sections -fdata-sections -std=gnu99 -funsigned-char -funsigned-bitfields -mmcu=atmega32 -DF_CPU=16000000UL -MMD -MP -MF"Exercise2.d" -MT"Exercise2.o" -c -o "Exercise2.o" "../Exercise2.c"
In file included from ../Exercise2.c:9:
c:/winavr-20100110/lib/gcc/../../avr/include/util/delay.h:90:3: warning: #warning "Compiler optimizations disabled; functions from <util/delay.h> won't work as designed"
Finished building: ../Exercise2.c
 
Building target: example.elf
Invoking: AVR C Linker
avr-gcc -Wl,-Map,example.map -mmcu=atmega32 -o "example.elf"  ./Exercise2.o   
Finished building target: example.elf
 
Invoking: AVR Create Extended Listing
avr-objdump -h -S example.elf  >"example.lss"
Finished building: example.lss
 
Invoking: Print Size
avr-size --format=avr --mcu=atmega32 example.elf
AVR Memory Usage
----------------
Device: atmega32

Program:    4524 bytes (13.8% Full)
(.text + .data + .bootloader)

Data:          9 bytes (0.4% Full)
(.data + .bss + .noinit)


Finished building: sizedummy
 

15:07:17 Build Finished. 0 errors, 1 warnings. (took 555ms)

