13:26:57 **** Incremental Build of configuration Debug for project Stacks and Queues ****
make all 
make: Nothing to be done for 'all'.
13:27:23 **** Incremental Build of configuration Debug for project Stacks and Queues ****
make all 
Building file: ../src/main.c
Invoking: GCC C Compiler
gcc -O0 -g3 -Wall -c -fmessage-length=0 -MMD -MP -MF"src/main.d" -MT"src/main.o" -o "src/main.o" "../src/main.c"
Finished building: ../src/main.c
 
Building target: Stacks and Queues
Invoking: GCC C Linker
gcc  -o "Stacks and Queues" ./src/QueueProgram.o ./src/StackProgram.o ./src/main.o   
Finished building target: Stacks and Queues
 
13:40:38 **** Incremental Build of configuration Debug for project Stacks and Queues ****
make all 
Building file: ../src/QueueProgram.c
Invoking: GCC C Compiler
gcc -O0 -g3 -Wall -c -fmessage-length=0 -MMD -MP -MF"src/QueueProgram.d" -MT"src/QueueProgram.o" -o "src/QueueProgram.o" "../src/QueueProgram.c"
Finished building: ../src/QueueProgram.c
 
Building file: ../src/StackProgram.c
Invoking: GCC C Compiler
gcc -O0 -g3 -Wall -c -fmessage-length=0 -MMD -MP -MF"src/StackProgram.d" -MT"src/StackProgram.o" -o "src/StackProgram.o" "../src/StackProgram.c"
Finished building: ../src/StackProgram.c
 
Building file: ../src/main.c
Invoking: GCC C Compiler
gcc -O0 -g3 -Wall -c -fmessage-length=0 -MMD -MP -MF"src/main.d" -MT"src/main.o" -o "src/main.o" "../src/main.c"
Finished building: ../src/main.c
 
Building target: Stacks and Queues
Invoking: GCC C Linker
gcc  -o "Stacks and Queues" ./src/QueueProgram.o ./src/StackProgram.o ./src/main.o   
Finished building target: Stacks and Queues
 
13:40:47 **** Incremental Build of configuration Debug for project Stacks and Queues ****
make all 
make: Nothing to be done for 'all'.
