10:27:28 **** Incremental Build of configuration Debug for project linkedList ****
make all 
Building file: ../linkedList.c
Invoking: GCC C Compiler
gcc -O0 -g3 -Wall -c -fmessage-length=0 -MMD -MP -MF"linkedList.d" -MT"linkedList.o" -o "linkedList.o" "../linkedList.c"
Finished building: ../linkedList.c
 
Building file: ../main.c
Invoking: GCC C Compiler
gcc -O0 -g3 -Wall -c -fmessage-length=0 -MMD -MP -MF"main.d" -MT"main.o" -o "main.o" "../main.c"
Finished building: ../main.c
 
Building target: linkedList
Invoking: GCC C Linker
gcc  -o "linkedList" ./linkedList.o ./main.o   
Finished building target: linkedList
 
10:27:45 **** Incremental Build of configuration Debug for project linkedList ****
make all 
make: Nothing to be done for 'all'.
10:28:34 **** Incremental Build of configuration Debug for project linkedList ****
make all 
make: Nothing to be done for 'all'.
