20:39:44 **** Incremental Build of configuration Debug for project Exercise1 ****
make all 
Building target: Exercise1.elf
Invoking: AVR C Linker
avr-gcc -Wl,-Map,Exercise1.map -mmcu=atmega32 -o "Exercise1.elf"  ./Exercise1.o   
Finished building target: Exercise1.elf
 
Invoking: AVR Create Extended Listing
avr-objdump -h -S Exercise1.elf  >"Exercise1.lss"
Finished building: Exercise1.lss
 
Create Flash image (ihex format)
avr-objcopy -R .eeprom -R .fuse -R .lock -R .signature -O ihex Exercise1.elf  "Exercise1.hex"
Finished building: Exercise1.hex
 
Invoking: Print Size
avr-size --format=avr --mcu=atmega32 Exercise1.elf
AVR Memory Usage
----------------
Device: atmega32

Program:     212 bytes (0.6% Full)
(.text + .data + .bootloader)

Data:          0 bytes (0.0% Full)
(.data + .bss + .noinit)


Finished building: sizedummy
 

20:39:44 Build Finished. 0 errors, 0 warnings. (took 412ms)

