20:38:20 **** Build of configuration Debug for project sdfgds ****
make all 
Building file: ../Exercise1.c
Invoking: AVR Compiler
avr-gcc -Wall -g2 -gstabs -O0 -fpack-struct -fshort-enums -ffunction-sections -fdata-sections -std=gnu99 -funsigned-char -funsigned-bitfields -mmcu=atmega32 -DF_CPU=16000000UL -MMD -MP -MF"Exercise1.d" -MT"Exercise1.o" -c -o "Exercise1.o" "../Exercise1.c"
Finished building: ../Exercise1.c
 
Building target: sdfgds.elf
Invoking: AVR C Linker
avr-gcc -Wl,-Map,sdfgds.map -mmcu=atmega32 -o "sdfgds.elf"  ./Exercise1.o   
Finished building target: sdfgds.elf
 
Invoking: AVR Create Extended Listing
avr-objdump -h -S sdfgds.elf  >"sdfgds.lss"
Finished building: sdfgds.lss
 
Invoking: Print Size
avr-size --format=avr --mcu=atmega32 sdfgds.elf
AVR Memory Usage
----------------
Device: atmega32

Program:     212 bytes (0.6% Full)
(.text + .data + .bootloader)

Data:          0 bytes (0.0% Full)
(.data + .bss + .noinit)


Finished building: sizedummy
 

20:38:20 Build Finished. 0 errors, 0 warnings. (took 473ms)

