12:12:52 **** Rebuild of configuration Debug for project Exercise ****
Info: Internal Builder is used for build
gcc -O0 -g3 -Wall -c -fmessage-length=0 -o "src\\Exercise.o" "..\\src\\Exercise.c" 
gcc -o Exercise.exe "src\\Exercise.o" 
Info: Nothing to build for Exercise
Info: Nothing to build for Exercise
16:26:18 **** Rebuild of configuration Debug for project pointers_ex1 ****
Info: Internal Builder is used for build
gcc -O0 -g3 -Wall -c -fmessage-length=0 -o "src\\pointers_ex1.o" "..\\src\\pointers_ex1.c" 
gcc -o pointers_ex1.exe "src\\pointers_ex1.o" 
16:26:20 **** Rebuild of configuration Debug for project pointers_ex10 ****
Info: Internal Builder is used for build
gcc -O0 -g3 -Wall -c -fmessage-length=0 -o "src\\pointers_ex10.o" "..\\src\\pointers_ex10.c" 
gcc -o pointers_ex10.exe "src\\pointers_ex10.o" 
16:26:20 **** Rebuild of configuration Debug for project pointers_ex11 ****
Info: Internal Builder is used for build
gcc -O0 -g3 -Wall -c -fmessage-length=0 -o "src\\pointers_ex11.o" "..\\src\\pointers_ex11.c" 
gcc -o pointers_ex11.exe "src\\pointers_ex11.o" 
16:26:20 **** Rebuild of configuration Debug for project pointers_ex12 ****
Info: Internal Builder is used for build
gcc -O0 -g3 -Wall -c -fmessage-length=0 -o "src\\pointers_ex12.o" "..\\src\\pointers_ex12.c" 
gcc -o pointers_ex12.exe "src\\pointers_ex12.o" 
16:26:21 **** Rebuild of configuration Debug for project pointers_ex2 ****
Info: Internal Builder is used for build
gcc -O0 -g3 -Wall -c -fmessage-length=0 -o "src\\pointers_ex2.o" "..\\src\\pointers_ex2.c" 
gcc -o pointers_ex2.exe "src\\pointers_ex2.o" 
16:26:21 **** Rebuild of configuration Debug for project pointers_ex3 ****
Info: Internal Builder is used for build
gcc -O0 -g3 -Wall -c -fmessage-length=0 -o "src\\pointers_ex3.o" "..\\src\\pointers_ex3.c" 
gcc -o pointers_ex3.exe "src\\pointers_ex3.o" 
16:26:22 **** Rebuild of configuration Debug for project pointers_ex4 ****
Info: Internal Builder is used for build
gcc -O0 -g3 -Wall -c -fmessage-length=0 -o "src\\pointers_ex4.o" "..\\src\\pointers_ex4.c" 
gcc -o pointers_ex4.exe "src\\pointers_ex4.o" 
16:26:22 **** Rebuild of configuration Debug for project pointers_ex5 ****
Info: Internal Builder is used for build
gcc -O0 -g3 -Wall -c -fmessage-length=0 -o "src\\pointers_ex5.o" "..\\src\\pointers_ex5.c" 
gcc -o pointers_ex5.exe "src\\pointers_ex5.o" 
16:26:22 **** Rebuild of configuration Debug for project pointers_ex6 ****
Info: Internal Builder is used for build
gcc -O0 -g3 -Wall -c -fmessage-length=0 -o "src\\pointers_ex6.o" "..\\src\\pointers_ex6.c" 
gcc -o pointers_ex6.exe "src\\pointers_ex6.o" 
16:26:23 **** Rebuild of configuration Debug for project pointers_ex7 ****
Info: Internal Builder is used for build
gcc -O0 -g3 -Wall -c -fmessage-length=0 -o "src\\pointers_ex7.o" "..\\src\\pointers_ex7.c" 
gcc -o pointers_ex7.exe "src\\pointers_ex7.o" 
16:26:23 **** Rebuild of configuration Debug for project pointers_ex8 ****
Info: Internal Builder is used for build
gcc -O0 -g3 -Wall -c -fmessage-length=0 -o "src\\pointers_ex8.o" "..\\src\\pointers_ex8.c" 
..\src\pointers_ex8.c: In function 'main':
..\src\pointers_ex8.c:25:26: warning: format '%u' expects argument of type 'unsigned int', but argument 2 has type 'long long unsigned int' [-Wformat=]
  printf("sizeof(str1) = %u\n", sizeof(str1));
                         ~^     ~~~~~~~~~~~~
                         %I64u
..\src\pointers_ex8.c:25:26: warning: format '%u' expects argument of type 'unsigned int', but argument 2 has type 'long long unsigned int' [-Wformat=]
  printf("sizeof(str1) = %u\n", sizeof(str1));
                         ~^     ~~~~~~~~~~~~
                         %I64u
..\src\pointers_ex8.c:26:26: warning: format '%u' expects argument of type 'unsigned int', but argument 2 has type 'long long unsigned int' [-Wformat=]
  printf("sizeof(str2) = %u\n", sizeof(str2));
                         ~^     ~~~~~~~~~~~~
                         %I64u
..\src\pointers_ex8.c:26:26: warning: format '%u' expects argument of type 'unsigned int', but argument 2 has type 'long long unsigned int' [-Wformat=]
  printf("sizeof(str2) = %u\n", sizeof(str2));
                         ~^     ~~~~~~~~~~~~
                         %I64u
..\src\pointers_ex8.c:27:26: warning: format '%u' expects argument of type 'unsigned int', but argument 2 has type 'long long unsigned int' [-Wformat=]
  printf("sizeof(str3) = %u\n", sizeof(str3));
                         ~^     ~~~~~~~~~~~~
                         %I64u
..\src\pointers_ex8.c:27:26: warning: format '%u' expects argument of type 'unsigned int', but argument 2 has type 'long long unsigned int' [-Wformat=]
  printf("sizeof(str3) = %u\n", sizeof(str3));
                         ~^     ~~~~~~~~~~~~
                         %I64u
..\src\pointers_ex8.c:28:26: warning: format '%u' expects argument of type 'unsigned int', but argument 2 has type 'long long unsigned int' [-Wformat=]
  printf("sizeof(cPtr) = %u\n", sizeof(cPtr));
                         ~^     ~~~~~~~~~~~~
                         %I64u
..\src\pointers_ex8.c:28:26: warning: format '%u' expects argument of type 'unsigned int', but argument 2 has type 'long long unsigned int' [-Wformat=]
  printf("sizeof(cPtr) = %u\n", sizeof(cPtr));
                         ~^     ~~~~~~~~~~~~
                         %I64u
..\src\pointers_ex8.c:31:26: warning: format '%u' expects argument of type 'unsigned int', but argument 2 has type 'long long unsigned int' [-Wformat=]
  printf("sizeof(sArr) = %u\n", sizeof(sArr));
                         ~^     ~~~~~~~~~~~~
                         %I64u
..\src\pointers_ex8.c:31:26: warning: format '%u' expects argument of type 'unsigned int', but argument 2 has type 'long long unsigned int' [-Wformat=]
  printf("sizeof(sArr) = %u\n", sizeof(sArr));
                         ~^     ~~~~~~~~~~~~
                         %I64u
..\src\pointers_ex8.c:32:27: warning: format '%u' expects argument of type 'unsigned int', but argument 2 has type 'long long unsigned int' [-Wformat=]
  printf("sizeof(sPtr1) = %u\n", sizeof(sPtr1));
                          ~^     ~~~~~~~~~~~~~
                          %I64u
..\src\pointers_ex8.c:32:27: warning: format '%u' expects argument of type 'unsigned int', but argument 2 has type 'long long unsigned int' [-Wformat=]
  printf("sizeof(sPtr1) = %u\n", sizeof(sPtr1));
                          ~^     ~~~~~~~~~~~~~
                          %I64u
..\src\pointers_ex8.c:33:28: warning: format '%u' expects argument of type 'unsigned int', but argument 2 has type 'long long unsigned int' [-Wformat=]
  printf("sizeof(sArr2D) = %u\n", sizeof(sArr2D));
                           ~^     ~~~~~~~~~~~~~~
                           %I64u
..\src\pointers_ex8.c:33:28: warning: format '%u' expects argument of type 'unsigned int', but argument 2 has type 'long long unsigned int' [-Wformat=]
  printf("sizeof(sArr2D) = %u\n", sizeof(sArr2D));
                           ~^     ~~~~~~~~~~~~~~
                           %I64u
..\src\pointers_ex8.c:34:27: warning: format '%u' expects argument of type 'unsigned int', but argument 2 has type 'long long unsigned int' [-Wformat=]
  printf("sizeof(sPtr2) = %u\n", sizeof(sPtr2));
                          ~^     ~~~~~~~~~~~~~
                          %I64u
..\src\pointers_ex8.c:34:27: warning: format '%u' expects argument of type 'unsigned int', but argument 2 has type 'long long unsigned int' [-Wformat=]
  printf("sizeof(sPtr2) = %u\n", sizeof(sPtr2));
                          ~^     ~~~~~~~~~~~~~
                          %I64u
..\src\pointers_ex8.c:35:28: warning: format '%u' expects argument of type 'unsigned int', but argument 2 has type 'long long unsigned int' [-Wformat=]
  printf("sizeof(*sPtr2) = %u\n", sizeof(*sPtr2));
                           ~^     ~~~~~~~~~~~~~~
                           %I64u
..\src\pointers_ex8.c:35:28: warning: format '%u' expects argument of type 'unsigned int', but argument 2 has type 'long long unsigned int' [-Wformat=]
  printf("sizeof(*sPtr2) = %u\n", sizeof(*sPtr2));
                           ~^     ~~~~~~~~~~~~~~
                           %I64u
..\src\pointers_ex8.c:36:27: warning: format '%u' expects argument of type 'unsigned int', but argument 2 has type 'long long unsigned int' [-Wformat=]
  printf("sizeof(sPtr3) = %u\n", sizeof(sPtr3));
                          ~^     ~~~~~~~~~~~~~
                          %I64u
..\src\pointers_ex8.c:36:27: warning: format '%u' expects argument of type 'unsigned int', but argument 2 has type 'long long unsigned int' [-Wformat=]
  printf("sizeof(sPtr3) = %u\n", sizeof(sPtr3));
                          ~^     ~~~~~~~~~~~~~
                          %I64u
gcc -o pointers_ex8.exe "src\\pointers_ex8.o" 
16:26:24 **** Rebuild of configuration Debug for project pointers_ex9 ****
Info: Internal Builder is used for build
gcc -O0 -g3 -Wall -c -fmessage-length=0 -o "src\\pointers_ex9.o" "..\\src\\pointers_ex9.c" 
gcc -o pointers_ex9.exe "src\\pointers_ex9.o" 
