22:19:49 **** Build of configuration Debug for project WatchDog_Exercise ****
make all 
Building file: ../WatchDog_Exercise.c
Invoking: AVR Compiler
avr-gcc -Wall -g2 -gstabs -O0 -fpack-struct -fshort-enums -ffunction-sections -fdata-sections -std=gnu99 -funsigned-char -funsigned-bitfields -mmcu=atmega32 -DF_CPU=1000000UL -MMD -MP -MF"WatchDog_Exercise.d" -MT"WatchDog_Exercise.o" -c -o "WatchDog_Exercise.o" "../WatchDog_Exercise.c"
In file included from ../WatchDog_Exercise.c:9:
c:/winavr-20100110/lib/gcc/../../avr/include/util/delay.h:90:3: warning: #warning "Compiler optimizations disabled; functions from <util/delay.h> won't work as designed"
Finished building: ../WatchDog_Exercise.c
 
Building target: WatchDog_Exercise.elf
Invoking: AVR C Linker
avr-gcc -Wl,-Map,WatchDog_Exercise.map -mmcu=atmega32 -o "WatchDog_Exercise.elf"  ./WatchDog_Exercise.o   
Finished building target: WatchDog_Exercise.elf
 
Invoking: AVR Create Extended Listing
avr-objdump -h -S WatchDog_Exercise.elf  >"WatchDog_Exercise.lss"
Finished building: WatchDog_Exercise.lss
 
Invoking: Print Size
avr-size --format=avr --mcu=atmega32 WatchDog_Exercise.elf
AVR Memory Usage
----------------
Device: atmega32

Program:    4086 bytes (12.5% Full)
(.text + .data + .bootloader)

Data:          8 bytes (0.4% Full)
(.data + .bss + .noinit)


Finished building: sizedummy
 
16:05:30 **** Build of configuration Debug for project WatchDog_Exercise ****
make all 
Building file: ../WatchDog_Exercise.c
Invoking: AVR Compiler
avr-gcc -Wall -g2 -gstabs -O0 -fpack-struct -fshort-enums -ffunction-sections -fdata-sections -std=gnu99 -funsigned-char -funsigned-bitfields -mmcu=atmega32 -DF_CPU=1000000UL -MMD -MP -MF"WatchDog_Exercise.d" -MT"WatchDog_Exercise.o" -c -o "WatchDog_Exercise.o" "../WatchDog_Exercise.c"
In file included from ../WatchDog_Exercise.c:9:
c:/winavr-20100110/lib/gcc/../../avr/include/util/delay.h:90:3: warning: #warning "Compiler optimizations disabled; functions from <util/delay.h> won't work as designed"
Finished building: ../WatchDog_Exercise.c
 
Building target: WatchDog_Exercise.elf
Invoking: AVR C Linker
avr-gcc -Wl,-Map,WatchDog_Exercise.map -mmcu=atmega32 -o "WatchDog_Exercise.elf"  ./WatchDog_Exercise.o   
Finished building target: WatchDog_Exercise.elf
 
Invoking: AVR Create Extended Listing
avr-objdump -h -S WatchDog_Exercise.elf  >"WatchDog_Exercise.lss"
Finished building: WatchDog_Exercise.lss
 
Invoking: Print Size
avr-size --format=avr --mcu=atmega32 WatchDog_Exercise.elf
AVR Memory Usage
----------------
Device: atmega32

Program:    4086 bytes (12.5% Full)
(.text + .data + .bootloader)

Data:          8 bytes (0.4% Full)
(.data + .bss + .noinit)


Finished building: sizedummy
 
10:40:11 **** Build of configuration Debug for project WatchDog_Exercise ****
make all 
Building file: ../WatchDog_Exercise.c
Invoking: AVR Compiler
avr-gcc -Wall -g2 -gstabs -O0 -fpack-struct -fshort-enums -ffunction-sections -fdata-sections -std=gnu99 -funsigned-char -funsigned-bitfields -mmcu=atmega32 -DF_CPU=1000000UL -MMD -MP -MF"WatchDog_Exercise.d" -MT"WatchDog_Exercise.o" -c -o "WatchDog_Exercise.o" "../WatchDog_Exercise.c"
In file included from ../WatchDog_Exercise.c:9:
c:/winavr-20100110/lib/gcc/../../avr/include/util/delay.h:90:3: warning: #warning "Compiler optimizations disabled; functions from <util/delay.h> won't work as designed"
Finished building: ../WatchDog_Exercise.c
 
Building target: WatchDog_Exercise.elf
Invoking: AVR C Linker
avr-gcc -Wl,-Map,WatchDog_Exercise.map -mmcu=atmega32 -o "WatchDog_Exercise.elf"  ./WatchDog_Exercise.o   
Finished building target: WatchDog_Exercise.elf
 
Invoking: AVR Create Extended Listing
avr-objdump -h -S WatchDog_Exercise.elf  >"WatchDog_Exercise.lss"
Finished building: WatchDog_Exercise.lss
 
Invoking: Print Size
avr-size --format=avr --mcu=atmega32 WatchDog_Exercise.elf
AVR Memory Usage
----------------
Device: atmega32

Program:    4086 bytes (12.5% Full)
(.text + .data + .bootloader)

Data:          8 bytes (0.4% Full)
(.data + .bss + .noinit)


Finished building: sizedummy
 
12:11:02 **** Incremental Build of configuration Debug for project WatchDog_Exercise ****
make all 
Building file: ../WatchDog_Exercise.c
Invoking: AVR Compiler
avr-gcc -Wall -g2 -gstabs -O0 -fpack-struct -fshort-enums -ffunction-sections -fdata-sections -std=gnu99 -funsigned-char -funsigned-bitfields -mmcu=atmega32 -DF_CPU=1000000UL -MMD -MP -MF"WatchDog_Exercise.d" -MT"WatchDog_Exercise.o" -c -o "WatchDog_Exercise.o" "../WatchDog_Exercise.c"
In file included from ../WatchDog_Exercise.c:9:
c:/winavr-20100110/lib/gcc/../../avr/include/util/delay.h:90:3: warning: #warning "Compiler optimizations disabled; functions from <util/delay.h> won't work as designed"
Finished building: ../WatchDog_Exercise.c
 
Building target: WatchDog_Exercise.elf
Invoking: AVR C Linker
avr-gcc -Wl,-Map,WatchDog_Exercise.map -mmcu=atmega32 -o "WatchDog_Exercise.elf"  ./WatchDog_Exercise.o   
Finished building target: WatchDog_Exercise.elf
 
Invoking: AVR Create Extended Listing
avr-objdump -h -S WatchDog_Exercise.elf  >"WatchDog_Exercise.lss"
Finished building: WatchDog_Exercise.lss
 
Invoking: Print Size
avr-size --format=avr --mcu=atmega32 WatchDog_Exercise.elf
AVR Memory Usage
----------------
Device: atmega32

Program:    4086 bytes (12.5% Full)
(.text + .data + .bootloader)

Data:          8 bytes (0.4% Full)
(.data + .bss + .noinit)


Finished building: sizedummy
 
12:11:46 **** Incremental Build of configuration Debug for project WatchDog_Exercise ****
make all 
Building file: ../WatchDog_Exercise.c
Invoking: AVR Compiler
avr-gcc -Wall -g2 -gstabs -O0 -fpack-struct -fshort-enums -ffunction-sections -fdata-sections -std=gnu99 -funsigned-char -funsigned-bitfields -mmcu=atmega32 -DF_CPU=1000000UL -MMD -MP -MF"WatchDog_Exercise.d" -MT"WatchDog_Exercise.o" -c -o "WatchDog_Exercise.o" "../WatchDog_Exercise.c"
In file included from ../WatchDog_Exercise.c:9:
c:/winavr-20100110/lib/gcc/../../avr/include/util/delay.h:90:3: warning: #warning "Compiler optimizations disabled; functions from <util/delay.h> won't work as designed"
Finished building: ../WatchDog_Exercise.c
 
Building target: WatchDog_Exercise.elf
Invoking: AVR C Linker
avr-gcc -Wl,-Map,WatchDog_Exercise.map -mmcu=atmega32 -o "WatchDog_Exercise.elf"  ./WatchDog_Exercise.o   
Finished building target: WatchDog_Exercise.elf
 
Invoking: AVR Create Extended Listing
avr-objdump -h -S WatchDog_Exercise.elf  >"WatchDog_Exercise.lss"
Finished building: WatchDog_Exercise.lss
 
Invoking: Print Size
avr-size --format=avr --mcu=atmega32 WatchDog_Exercise.elf
AVR Memory Usage
----------------
Device: atmega32

Program:    4090 bytes (12.5% Full)
(.text + .data + .bootloader)

Data:          8 bytes (0.4% Full)
(.data + .bss + .noinit)


Finished building: sizedummy
 
12:12:05 **** Incremental Build of configuration Debug for project WatchDog_Exercise ****
make all 
Invoking: Print Size
avr-size --format=avr --mcu=atmega32 WatchDog_Exercise.elf
AVR Memory Usage
----------------
Device: atmega32

Program:    4090 bytes (12.5% Full)
(.text + .data + .bootloader)

Data:          8 bytes (0.4% Full)
(.data + .bss + .noinit)


Finished building: sizedummy
 
17:12:14 **** Incremental Build of configuration Debug for project WatchDog_Exercise ****
make all 
Building file: ../WatchDog_Exercise.c
Invoking: AVR Compiler
avr-gcc -Wall -g2 -gstabs -O0 -fpack-struct -fshort-enums -ffunction-sections -fdata-sections -std=gnu99 -funsigned-char -funsigned-bitfields -mmcu=atmega32 -DF_CPU=1000000UL -MMD -MP -MF"WatchDog_Exercise.d" -MT"WatchDog_Exercise.o" -c -o "WatchDog_Exercise.o" "../WatchDog_Exercise.c"
In file included from ../WatchDog_Exercise.c:9:
c:/winavr-20100110/lib/gcc/../../avr/include/util/delay.h:90:3: warning: #warning "Compiler optimizations disabled; functions from <util/delay.h> won't work as designed"
Finished building: ../WatchDog_Exercise.c
 
Building target: WatchDog_Exercise.elf
Invoking: AVR C Linker
avr-gcc -Wl,-Map,WatchDog_Exercise.map -mmcu=atmega32 -o "WatchDog_Exercise.elf"  ./WatchDog_Exercise.o   
Finished building target: WatchDog_Exercise.elf
 
Invoking: AVR Create Extended Listing
avr-objdump -h -S WatchDog_Exercise.elf  >"WatchDog_Exercise.lss"
Finished building: WatchDog_Exercise.lss
 
Invoking: Print Size
avr-size --format=avr --mcu=atmega32 WatchDog_Exercise.elf
AVR Memory Usage
----------------
Device: atmega32

Program:    4086 bytes (12.5% Full)
(.text + .data + .bootloader)

Data:          8 bytes (0.4% Full)
(.data + .bss + .noinit)


Finished building: sizedummy
 
17:13:20 **** Incremental Build of configuration Debug for project WatchDog_Exercise ****
make all 
Building file: ../WatchDog_Exercise.c
Invoking: AVR Compiler
avr-gcc -Wall -g2 -gstabs -O0 -fpack-struct -fshort-enums -ffunction-sections -fdata-sections -std=gnu99 -funsigned-char -funsigned-bitfields -mmcu=atmega32 -DF_CPU=1000000UL -MMD -MP -MF"WatchDog_Exercise.d" -MT"WatchDog_Exercise.o" -c -o "WatchDog_Exercise.o" "../WatchDog_Exercise.c"
In file included from ../WatchDog_Exercise.c:9:
c:/winavr-20100110/lib/gcc/../../avr/include/util/delay.h:90:3: warning: #warning "Compiler optimizations disabled; functions from <util/delay.h> won't work as designed"
Finished building: ../WatchDog_Exercise.c
 
Building target: WatchDog_Exercise.elf
Invoking: AVR C Linker
avr-gcc -Wl,-Map,WatchDog_Exercise.map -mmcu=atmega32 -o "WatchDog_Exercise.elf"  ./WatchDog_Exercise.o   
Finished building target: WatchDog_Exercise.elf
 
Invoking: AVR Create Extended Listing
avr-objdump -h -S WatchDog_Exercise.elf  >"WatchDog_Exercise.lss"
Finished building: WatchDog_Exercise.lss
 
Invoking: Print Size
avr-size --format=avr --mcu=atmega32 WatchDog_Exercise.elf
AVR Memory Usage
----------------
Device: atmega32

Program:    4090 bytes (12.5% Full)
(.text + .data + .bootloader)

Data:          8 bytes (0.4% Full)
(.data + .bss + .noinit)


Finished building: sizedummy
 
17:14:37 **** Incremental Build of configuration Debug for project WatchDog_Exercise ****
make all 
Building file: ../WatchDog_Exercise.c
Invoking: AVR Compiler
avr-gcc -Wall -g2 -gstabs -O0 -fpack-struct -fshort-enums -ffunction-sections -fdata-sections -std=gnu99 -funsigned-char -funsigned-bitfields -mmcu=atmega32 -DF_CPU=1000000UL -MMD -MP -MF"WatchDog_Exercise.d" -MT"WatchDog_Exercise.o" -c -o "WatchDog_Exercise.o" "../WatchDog_Exercise.c"
In file included from ../WatchDog_Exercise.c:9:
c:/winavr-20100110/lib/gcc/../../avr/include/util/delay.h:90:3: warning: #warning "Compiler optimizations disabled; functions from <util/delay.h> won't work as designed"
Finished building: ../WatchDog_Exercise.c
 
Building target: WatchDog_Exercise.elf
Invoking: AVR C Linker
avr-gcc -Wl,-Map,WatchDog_Exercise.map -mmcu=atmega32 -o "WatchDog_Exercise.elf"  ./WatchDog_Exercise.o   
Finished building target: WatchDog_Exercise.elf
 
Invoking: AVR Create Extended Listing
avr-objdump -h -S WatchDog_Exercise.elf  >"WatchDog_Exercise.lss"
Finished building: WatchDog_Exercise.lss
 
Invoking: Print Size
avr-size --format=avr --mcu=atmega32 WatchDog_Exercise.elf
AVR Memory Usage
----------------
Device: atmega32

Program:    4086 bytes (12.5% Full)
(.text + .data + .bootloader)

Data:          8 bytes (0.4% Full)
(.data + .bss + .noinit)


Finished building: sizedummy
 
22:08:55 **** Incremental Build of configuration Debug for project WatchDog_Exercise ****
make all 
Building file: ../WatchDog_Exercise.c
Invoking: AVR Compiler
avr-gcc -Wall -g2 -gstabs -O0 -fpack-struct -fshort-enums -ffunction-sections -fdata-sections -std=gnu99 -funsigned-char -funsigned-bitfields -mmcu=atmega32 -DF_CPU=1000000UL -MMD -MP -MF"WatchDog_Exercise.d" -MT"WatchDog_Exercise.o" -c -o "WatchDog_Exercise.o" "../WatchDog_Exercise.c"
In file included from ../WatchDog_Exercise.c:9:
c:/winavr-20100110/lib/gcc/../../avr/include/util/delay.h:90:3: warning: #warning "Compiler optimizations disabled; functions from <util/delay.h> won't work as designed"
Finished building: ../WatchDog_Exercise.c
 
Building target: WatchDog_Exercise.elf
Invoking: AVR C Linker
avr-gcc -Wl,-Map,WatchDog_Exercise.map -mmcu=atmega32 -o "WatchDog_Exercise.elf"  ./WatchDog_Exercise.o   
Finished building target: WatchDog_Exercise.elf
 
Invoking: AVR Create Extended Listing
avr-objdump -h -S WatchDog_Exercise.elf  >"WatchDog_Exercise.lss"
Finished building: WatchDog_Exercise.lss
 
Invoking: Print Size
avr-size --format=avr --mcu=atmega32 WatchDog_Exercise.elf
AVR Memory Usage
----------------
Device: atmega32

Program:    4086 bytes (12.5% Full)
(.text + .data + .bootloader)

Data:          8 bytes (0.4% Full)
(.data + .bss + .noinit)


Finished building: sizedummy
 
22:10:25 **** Incremental Build of configuration Debug for project WatchDog_Exercise ****
make all 
Building file: ../WatchDog_Exercise.c
Invoking: AVR Compiler
avr-gcc -Wall -g2 -gstabs -O0 -fpack-struct -fshort-enums -ffunction-sections -fdata-sections -std=gnu99 -funsigned-char -funsigned-bitfields -mmcu=atmega32 -DF_CPU=1000000UL -MMD -MP -MF"WatchDog_Exercise.d" -MT"WatchDog_Exercise.o" -c -o "WatchDog_Exercise.o" "../WatchDog_Exercise.c"
In file included from ../WatchDog_Exercise.c:9:
c:/winavr-20100110/lib/gcc/../../avr/include/util/delay.h:90:3: warning: #warning "Compiler optimizations disabled; functions from <util/delay.h> won't work as designed"
Finished building: ../WatchDog_Exercise.c
 
Building target: WatchDog_Exercise.elf
Invoking: AVR C Linker
avr-gcc -Wl,-Map,WatchDog_Exercise.map -mmcu=atmega32 -o "WatchDog_Exercise.elf"  ./WatchDog_Exercise.o   
Finished building target: WatchDog_Exercise.elf
 
Invoking: AVR Create Extended Listing
avr-objdump -h -S WatchDog_Exercise.elf  >"WatchDog_Exercise.lss"
Finished building: WatchDog_Exercise.lss
 
Invoking: Print Size
avr-size --format=avr --mcu=atmega32 WatchDog_Exercise.elf
AVR Memory Usage
----------------
Device: atmega32

Program:    4090 bytes (12.5% Full)
(.text + .data + .bootloader)

Data:          8 bytes (0.4% Full)
(.data + .bss + .noinit)


Finished building: sizedummy
 
22:11:16 **** Incremental Build of configuration Debug for project WatchDog_Exercise ****
make all 
Building file: ../WatchDog_Exercise.c
Invoking: AVR Compiler
avr-gcc -Wall -g2 -gstabs -O0 -fpack-struct -fshort-enums -ffunction-sections -fdata-sections -std=gnu99 -funsigned-char -funsigned-bitfields -mmcu=atmega32 -DF_CPU=1000000UL -MMD -MP -MF"WatchDog_Exercise.d" -MT"WatchDog_Exercise.o" -c -o "WatchDog_Exercise.o" "../WatchDog_Exercise.c"
In file included from ../WatchDog_Exercise.c:9:
c:/winavr-20100110/lib/gcc/../../avr/include/util/delay.h:90:3: warning: #warning "Compiler optimizations disabled; functions from <util/delay.h> won't work as designed"
Finished building: ../WatchDog_Exercise.c
 
Building target: WatchDog_Exercise.elf
Invoking: AVR C Linker
avr-gcc -Wl,-Map,WatchDog_Exercise.map -mmcu=atmega32 -o "WatchDog_Exercise.elf"  ./WatchDog_Exercise.o   
Finished building target: WatchDog_Exercise.elf
 
Invoking: AVR Create Extended Listing
avr-objdump -h -S WatchDog_Exercise.elf  >"WatchDog_Exercise.lss"
Finished building: WatchDog_Exercise.lss
 
Invoking: Print Size
avr-size --format=avr --mcu=atmega32 WatchDog_Exercise.elf
AVR Memory Usage
----------------
Device: atmega32

Program:    4086 bytes (12.5% Full)
(.text + .data + .bootloader)

Data:          8 bytes (0.4% Full)
(.data + .bss + .noinit)


Finished building: sizedummy
 
22:11:19 **** Incremental Build of configuration Debug for project WatchDog_Exercise ****
make all 
Invoking: Print Size
avr-size --format=avr --mcu=atmega32 WatchDog_Exercise.elf
AVR Memory Usage
----------------
Device: atmega32

Program:    4086 bytes (12.5% Full)
(.text + .data + .bootloader)

Data:          8 bytes (0.4% Full)
(.data + .bss + .noinit)


Finished building: sizedummy
 
11:50:05 **** Incremental Build of configuration Debug for project WatchDog_Exercise ****
make all 
Building file: ../WatchDog_Exercise.c
Invoking: AVR Compiler
avr-gcc -Wall -g2 -gstabs -O0 -fpack-struct -fshort-enums -ffunction-sections -fdata-sections -std=gnu99 -funsigned-char -funsigned-bitfields -mmcu=atmega32 -DF_CPU=1000000UL -MMD -MP -MF"WatchDog_Exercise.d" -MT"WatchDog_Exercise.o" -c -o "WatchDog_Exercise.o" "../WatchDog_Exercise.c"
In file included from ../WatchDog_Exercise.c:9:
c:/winavr-20100110/lib/gcc/../../avr/include/util/delay.h:90:3: warning: #warning "Compiler optimizations disabled; functions from <util/delay.h> won't work as designed"
Finished building: ../WatchDog_Exercise.c
 
Building target: WatchDog_Exercise.elf
Invoking: AVR C Linker
avr-gcc -Wl,-Map,WatchDog_Exercise.map -mmcu=atmega32 -o "WatchDog_Exercise.elf"  ./WatchDog_Exercise.o   
Finished building target: WatchDog_Exercise.elf
 
Invoking: AVR Create Extended Listing
avr-objdump -h -S WatchDog_Exercise.elf  >"WatchDog_Exercise.lss"
Finished building: WatchDog_Exercise.lss
 
Invoking: Print Size
avr-size --format=avr --mcu=atmega32 WatchDog_Exercise.elf
AVR Memory Usage
----------------
Device: atmega32

Program:    4086 bytes (12.5% Full)
(.text + .data + .bootloader)

Data:          8 bytes (0.4% Full)
(.data + .bss + .noinit)


Finished building: sizedummy
 
11:52:07 **** Incremental Build of configuration Debug for project WatchDog_Exercise ****
make all 
Building file: ../WatchDog_Exercise.c
Invoking: AVR Compiler
avr-gcc -Wall -g2 -gstabs -O0 -fpack-struct -fshort-enums -ffunction-sections -fdata-sections -std=gnu99 -funsigned-char -funsigned-bitfields -mmcu=atmega32 -DF_CPU=1000000UL -MMD -MP -MF"WatchDog_Exercise.d" -MT"WatchDog_Exercise.o" -c -o "WatchDog_Exercise.o" "../WatchDog_Exercise.c"
In file included from ../WatchDog_Exercise.c:9:
c:/winavr-20100110/lib/gcc/../../avr/include/util/delay.h:90:3: warning: #warning "Compiler optimizations disabled; functions from <util/delay.h> won't work as designed"
Finished building: ../WatchDog_Exercise.c
 
Building target: WatchDog_Exercise.elf
Invoking: AVR C Linker
avr-gcc -Wl,-Map,WatchDog_Exercise.map -mmcu=atmega32 -o "WatchDog_Exercise.elf"  ./WatchDog_Exercise.o   
Finished building target: WatchDog_Exercise.elf
 
Invoking: AVR Create Extended Listing
avr-objdump -h -S WatchDog_Exercise.elf  >"WatchDog_Exercise.lss"
Finished building: WatchDog_Exercise.lss
 
Invoking: Print Size
avr-size --format=avr --mcu=atmega32 WatchDog_Exercise.elf
AVR Memory Usage
----------------
Device: atmega32

Program:    4090 bytes (12.5% Full)
(.text + .data + .bootloader)

Data:          8 bytes (0.4% Full)
(.data + .bss + .noinit)


Finished building: sizedummy
 
11:52:23 **** Incremental Build of configuration Debug for project WatchDog_Exercise ****
make all 
Invoking: Print Size
avr-size --format=avr --mcu=atmega32 WatchDog_Exercise.elf
AVR Memory Usage
----------------
Device: atmega32

Program:    4090 bytes (12.5% Full)
(.text + .data + .bootloader)

Data:          8 bytes (0.4% Full)
(.data + .bss + .noinit)


Finished building: sizedummy
 
14:30:37 **** Incremental Build of configuration Debug for project WatchDog_Exercise ****
make all 
Building file: ../WatchDog_Exercise.c
Invoking: AVR Compiler
avr-gcc -Wall -g2 -gstabs -O0 -fpack-struct -fshort-enums -ffunction-sections -fdata-sections -std=gnu99 -funsigned-char -funsigned-bitfields -mmcu=atmega32 -DF_CPU=1000000UL -MMD -MP -MF"WatchDog_Exercise.d" -MT"WatchDog_Exercise.o" -c -o "WatchDog_Exercise.o" "../WatchDog_Exercise.c"
In file included from ../WatchDog_Exercise.c:9:
c:/winavr-20100110/lib/gcc/../../avr/include/util/delay.h:90:3: warning: #warning "Compiler optimizations disabled; functions from <util/delay.h> won't work as designed"
Finished building: ../WatchDog_Exercise.c
 
Building target: WatchDog_Exercise.elf
Invoking: AVR C Linker
avr-gcc -Wl,-Map,WatchDog_Exercise.map -mmcu=atmega32 -o "WatchDog_Exercise.elf"  ./WatchDog_Exercise.o   
Finished building target: WatchDog_Exercise.elf
 
Invoking: AVR Create Extended Listing
avr-objdump -h -S WatchDog_Exercise.elf  >"WatchDog_Exercise.lss"
Finished building: WatchDog_Exercise.lss
 
Invoking: Print Size
avr-size --format=avr --mcu=atmega32 WatchDog_Exercise.elf
AVR Memory Usage
----------------
Device: atmega32

Program:    4086 bytes (12.5% Full)
(.text + .data + .bootloader)

Data:          8 bytes (0.4% Full)
(.data + .bss + .noinit)


Finished building: sizedummy
 
17:18:21 **** Incremental Build of configuration Debug for project WatchDog_Exercise ****
make all 
Building file: ../WatchDog_Exercise.c
Invoking: AVR Compiler
avr-gcc -Wall -g2 -gstabs -O0 -fpack-struct -fshort-enums -ffunction-sections -fdata-sections -std=gnu99 -funsigned-char -funsigned-bitfields -mmcu=atmega32 -DF_CPU=1000000UL -MMD -MP -MF"WatchDog_Exercise.d" -MT"WatchDog_Exercise.o" -c -o "WatchDog_Exercise.o" "../WatchDog_Exercise.c"
In file included from ../WatchDog_Exercise.c:9:
c:/winavr-20100110/lib/gcc/../../avr/include/util/delay.h:90:3: warning: #warning "Compiler optimizations disabled; functions from <util/delay.h> won't work as designed"
Finished building: ../WatchDog_Exercise.c
 
Building target: WatchDog_Exercise.elf
Invoking: AVR C Linker
avr-gcc -Wl,-Map,WatchDog_Exercise.map -mmcu=atmega32 -o "WatchDog_Exercise.elf"  ./WatchDog_Exercise.o   
Finished building target: WatchDog_Exercise.elf
 
Invoking: AVR Create Extended Listing
avr-objdump -h -S WatchDog_Exercise.elf  >"WatchDog_Exercise.lss"
Finished building: WatchDog_Exercise.lss
 
Invoking: Print Size
avr-size --format=avr --mcu=atmega32 WatchDog_Exercise.elf
AVR Memory Usage
----------------
Device: atmega32

Program:    4086 bytes (12.5% Full)
(.text + .data + .bootloader)

Data:          8 bytes (0.4% Full)
(.data + .bss + .noinit)


Finished building: sizedummy
 
17:20:36 **** Incremental Build of configuration Debug for project WatchDog_Exercise ****
make all 
Building file: ../WatchDog_Exercise.c
Invoking: AVR Compiler
avr-gcc -Wall -g2 -gstabs -O0 -fpack-struct -fshort-enums -ffunction-sections -fdata-sections -std=gnu99 -funsigned-char -funsigned-bitfields -mmcu=atmega32 -DF_CPU=1000000UL -MMD -MP -MF"WatchDog_Exercise.d" -MT"WatchDog_Exercise.o" -c -o "WatchDog_Exercise.o" "../WatchDog_Exercise.c"
In file included from ../WatchDog_Exercise.c:9:
c:/winavr-20100110/lib/gcc/../../avr/include/util/delay.h:90:3: warning: #warning "Compiler optimizations disabled; functions from <util/delay.h> won't work as designed"
Finished building: ../WatchDog_Exercise.c
 
Building target: WatchDog_Exercise.elf
Invoking: AVR C Linker
avr-gcc -Wl,-Map,WatchDog_Exercise.map -mmcu=atmega32 -o "WatchDog_Exercise.elf"  ./WatchDog_Exercise.o   
Finished building target: WatchDog_Exercise.elf
 
Invoking: AVR Create Extended Listing
avr-objdump -h -S WatchDog_Exercise.elf  >"WatchDog_Exercise.lss"
Finished building: WatchDog_Exercise.lss
 
Invoking: Print Size
avr-size --format=avr --mcu=atmega32 WatchDog_Exercise.elf
AVR Memory Usage
----------------
Device: atmega32

Program:    4090 bytes (12.5% Full)
(.text + .data + .bootloader)

Data:          8 bytes (0.4% Full)
(.data + .bss + .noinit)


Finished building: sizedummy
 
21:52:20 **** Incremental Build of configuration Debug for project WatchDog_Exercise ****
make all 
Building file: ../WatchDog_Exercise.c
Invoking: AVR Compiler
avr-gcc -Wall -g2 -gstabs -O0 -fpack-struct -fshort-enums -ffunction-sections -fdata-sections -std=gnu99 -funsigned-char -funsigned-bitfields -mmcu=atmega32 -DF_CPU=1000000UL -MMD -MP -MF"WatchDog_Exercise.d" -MT"WatchDog_Exercise.o" -c -o "WatchDog_Exercise.o" "../WatchDog_Exercise.c"
In file included from ../WatchDog_Exercise.c:9:
c:/winavr-20100110/lib/gcc/../../avr/include/util/delay.h:90:3: warning: #warning "Compiler optimizations disabled; functions from <util/delay.h> won't work as designed"
Finished building: ../WatchDog_Exercise.c
 
Building target: WatchDog_Exercise.elf
Invoking: AVR C Linker
avr-gcc -Wl,-Map,WatchDog_Exercise.map -mmcu=atmega32 -o "WatchDog_Exercise.elf"  ./WatchDog_Exercise.o   
Finished building target: WatchDog_Exercise.elf
 
Invoking: AVR Create Extended Listing
avr-objdump -h -S WatchDog_Exercise.elf  >"WatchDog_Exercise.lss"
Finished building: WatchDog_Exercise.lss
 
Invoking: Print Size
avr-size --format=avr --mcu=atmega32 WatchDog_Exercise.elf
AVR Memory Usage
----------------
Device: atmega32

Program:    4086 bytes (12.5% Full)
(.text + .data + .bootloader)

Data:          8 bytes (0.4% Full)
(.data + .bss + .noinit)


Finished building: sizedummy
 
21:53:16 **** Incremental Build of configuration Debug for project WatchDog_Exercise ****
make all 
Invoking: Print Size
avr-size --format=avr --mcu=atmega32 WatchDog_Exercise.elf
AVR Memory Usage
----------------
Device: atmega32

Program:    4086 bytes (12.5% Full)
(.text + .data + .bootloader)

Data:          8 bytes (0.4% Full)
(.data + .bss + .noinit)


Finished building: sizedummy
 
21:54:44 **** Incremental Build of configuration Debug for project WatchDog_Exercise ****
make all 
Building file: ../WatchDog_Exercise.c
Invoking: AVR Compiler
avr-gcc -Wall -g2 -gstabs -O0 -fpack-struct -fshort-enums -ffunction-sections -fdata-sections -std=gnu99 -funsigned-char -funsigned-bitfields -mmcu=atmega32 -DF_CPU=1000000UL -MMD -MP -MF"WatchDog_Exercise.d" -MT"WatchDog_Exercise.o" -c -o "WatchDog_Exercise.o" "../WatchDog_Exercise.c"
In file included from ../WatchDog_Exercise.c:9:
c:/winavr-20100110/lib/gcc/../../avr/include/util/delay.h:90:3: warning: #warning "Compiler optimizations disabled; functions from <util/delay.h> won't work as designed"
Finished building: ../WatchDog_Exercise.c
 
Building target: WatchDog_Exercise.elf
Invoking: AVR C Linker
avr-gcc -Wl,-Map,WatchDog_Exercise.map -mmcu=atmega32 -o "WatchDog_Exercise.elf"  ./WatchDog_Exercise.o   
Finished building target: WatchDog_Exercise.elf
 
Invoking: AVR Create Extended Listing
avr-objdump -h -S WatchDog_Exercise.elf  >"WatchDog_Exercise.lss"
Finished building: WatchDog_Exercise.lss
 
Invoking: Print Size
avr-size --format=avr --mcu=atmega32 WatchDog_Exercise.elf
AVR Memory Usage
----------------
Device: atmega32

Program:    4090 bytes (12.5% Full)
(.text + .data + .bootloader)

Data:          8 bytes (0.4% Full)
(.data + .bss + .noinit)


Finished building: sizedummy
 
21:55:21 **** Incremental Build of configuration Debug for project WatchDog_Exercise ****
make all 
Building file: ../WatchDog_Exercise.c
Invoking: AVR Compiler
avr-gcc -Wall -g2 -gstabs -O0 -fpack-struct -fshort-enums -ffunction-sections -fdata-sections -std=gnu99 -funsigned-char -funsigned-bitfields -mmcu=atmega32 -DF_CPU=1000000UL -MMD -MP -MF"WatchDog_Exercise.d" -MT"WatchDog_Exercise.o" -c -o "WatchDog_Exercise.o" "../WatchDog_Exercise.c"
In file included from ../WatchDog_Exercise.c:9:
c:/winavr-20100110/lib/gcc/../../avr/include/util/delay.h:90:3: warning: #warning "Compiler optimizations disabled; functions from <util/delay.h> won't work as designed"
Finished building: ../WatchDog_Exercise.c
 
Building target: WatchDog_Exercise.elf
Invoking: AVR C Linker
avr-gcc -Wl,-Map,WatchDog_Exercise.map -mmcu=atmega32 -o "WatchDog_Exercise.elf"  ./WatchDog_Exercise.o   
Finished building target: WatchDog_Exercise.elf
 
Invoking: AVR Create Extended Listing
avr-objdump -h -S WatchDog_Exercise.elf  >"WatchDog_Exercise.lss"
Finished building: WatchDog_Exercise.lss
 
Invoking: Print Size
avr-size --format=avr --mcu=atmega32 WatchDog_Exercise.elf
AVR Memory Usage
----------------
Device: atmega32

Program:    4086 bytes (12.5% Full)
(.text + .data + .bootloader)

Data:          8 bytes (0.4% Full)
(.data + .bss + .noinit)


Finished building: sizedummy
 
12:33:55 **** Incremental Build of configuration Debug for project WatchDog_Exercise ****
make all 
Building file: ../WatchDog_Exercise.c
Invoking: AVR Compiler
avr-gcc -Wall -g2 -gstabs -O0 -fpack-struct -fshort-enums -ffunction-sections -fdata-sections -std=gnu99 -funsigned-char -funsigned-bitfields -mmcu=atmega32 -DF_CPU=1000000UL -MMD -MP -MF"WatchDog_Exercise.d" -MT"WatchDog_Exercise.o" -c -o "WatchDog_Exercise.o" "../WatchDog_Exercise.c"
In file included from ../WatchDog_Exercise.c:9:
c:/winavr-20100110/lib/gcc/../../avr/include/util/delay.h:90:3: warning: #warning "Compiler optimizations disabled; functions from <util/delay.h> won't work as designed"
Finished building: ../WatchDog_Exercise.c
 
Building target: WatchDog_Exercise.elf
Invoking: AVR C Linker
avr-gcc -Wl,-Map,WatchDog_Exercise.map -mmcu=atmega32 -o "WatchDog_Exercise.elf"  ./WatchDog_Exercise.o   
Finished building target: WatchDog_Exercise.elf
 
Invoking: AVR Create Extended Listing
avr-objdump -h -S WatchDog_Exercise.elf  >"WatchDog_Exercise.lss"
Finished building: WatchDog_Exercise.lss
 
Invoking: Print Size
avr-size --format=avr --mcu=atmega32 WatchDog_Exercise.elf
AVR Memory Usage
----------------
Device: atmega32

Program:    4086 bytes (12.5% Full)
(.text + .data + .bootloader)

Data:          8 bytes (0.4% Full)
(.data + .bss + .noinit)


Finished building: sizedummy
 
12:34:48 **** Incremental Build of configuration Debug for project WatchDog_Exercise ****
make all 
Building file: ../WatchDog_Exercise.c
Invoking: AVR Compiler
avr-gcc -Wall -g2 -gstabs -O0 -fpack-struct -fshort-enums -ffunction-sections -fdata-sections -std=gnu99 -funsigned-char -funsigned-bitfields -mmcu=atmega32 -DF_CPU=1000000UL -MMD -MP -MF"WatchDog_Exercise.d" -MT"WatchDog_Exercise.o" -c -o "WatchDog_Exercise.o" "../WatchDog_Exercise.c"
In file included from ../WatchDog_Exercise.c:9:
c:/winavr-20100110/lib/gcc/../../avr/include/util/delay.h:90:3: warning: #warning "Compiler optimizations disabled; functions from <util/delay.h> won't work as designed"
Finished building: ../WatchDog_Exercise.c
 
Building target: WatchDog_Exercise.elf
Invoking: AVR C Linker
avr-gcc -Wl,-Map,WatchDog_Exercise.map -mmcu=atmega32 -o "WatchDog_Exercise.elf"  ./WatchDog_Exercise.o   
Finished building target: WatchDog_Exercise.elf
 
Invoking: AVR Create Extended Listing
avr-objdump -h -S WatchDog_Exercise.elf  >"WatchDog_Exercise.lss"
Finished building: WatchDog_Exercise.lss
 
Invoking: Print Size
avr-size --format=avr --mcu=atmega32 WatchDog_Exercise.elf
AVR Memory Usage
----------------
Device: atmega32

Program:    4090 bytes (12.5% Full)
(.text + .data + .bootloader)

Data:          8 bytes (0.4% Full)
(.data + .bss + .noinit)


Finished building: sizedummy
 
12:35:26 **** Incremental Build of configuration Debug for project WatchDog_Exercise ****
make all 
Building file: ../WatchDog_Exercise.c
Invoking: AVR Compiler
avr-gcc -Wall -g2 -gstabs -O0 -fpack-struct -fshort-enums -ffunction-sections -fdata-sections -std=gnu99 -funsigned-char -funsigned-bitfields -mmcu=atmega32 -DF_CPU=1000000UL -MMD -MP -MF"WatchDog_Exercise.d" -MT"WatchDog_Exercise.o" -c -o "WatchDog_Exercise.o" "../WatchDog_Exercise.c"
In file included from ../WatchDog_Exercise.c:9:
c:/winavr-20100110/lib/gcc/../../avr/include/util/delay.h:90:3: warning: #warning "Compiler optimizations disabled; functions from <util/delay.h> won't work as designed"
Finished building: ../WatchDog_Exercise.c
 
Building target: WatchDog_Exercise.elf
Invoking: AVR C Linker
avr-gcc -Wl,-Map,WatchDog_Exercise.map -mmcu=atmega32 -o "WatchDog_Exercise.elf"  ./WatchDog_Exercise.o   
Finished building target: WatchDog_Exercise.elf
 
Invoking: AVR Create Extended Listing
avr-objdump -h -S WatchDog_Exercise.elf  >"WatchDog_Exercise.lss"
Finished building: WatchDog_Exercise.lss
 
Invoking: Print Size
avr-size --format=avr --mcu=atmega32 WatchDog_Exercise.elf
AVR Memory Usage
----------------
Device: atmega32

Program:    4086 bytes (12.5% Full)
(.text + .data + .bootloader)

Data:          8 bytes (0.4% Full)
(.data + .bss + .noinit)


Finished building: sizedummy
 
18:58:49 **** Incremental Build of configuration Debug for project WatchDog_Exercise ****
make all 
Building file: ../WatchDog_Exercise.c
Invoking: AVR Compiler
avr-gcc -Wall -g2 -gstabs -O0 -fpack-struct -fshort-enums -ffunction-sections -fdata-sections -std=gnu99 -funsigned-char -funsigned-bitfields -mmcu=atmega32 -DF_CPU=1000000UL -MMD -MP -MF"WatchDog_Exercise.d" -MT"WatchDog_Exercise.o" -c -o "WatchDog_Exercise.o" "../WatchDog_Exercise.c"
In file included from ../WatchDog_Exercise.c:9:
c:/winavr-20100110/lib/gcc/../../avr/include/util/delay.h:90:3: warning: #warning "Compiler optimizations disabled; functions from <util/delay.h> won't work as designed"
Finished building: ../WatchDog_Exercise.c
 
Building target: WatchDog_Exercise.elf
Invoking: AVR C Linker
avr-gcc -Wl,-Map,WatchDog_Exercise.map -mmcu=atmega32 -o "WatchDog_Exercise.elf"  ./WatchDog_Exercise.o   
Finished building target: WatchDog_Exercise.elf
 
Invoking: AVR Create Extended Listing
avr-objdump -h -S WatchDog_Exercise.elf  >"WatchDog_Exercise.lss"
Finished building: WatchDog_Exercise.lss
 
Invoking: Print Size
avr-size --format=avr --mcu=atmega32 WatchDog_Exercise.elf
AVR Memory Usage
----------------
Device: atmega32

Program:    4086 bytes (12.5% Full)
(.text + .data + .bootloader)

Data:          8 bytes (0.4% Full)
(.data + .bss + .noinit)


Finished building: sizedummy
 
19:00:12 **** Incremental Build of configuration Debug for project WatchDog_Exercise ****
make all 
Building file: ../WatchDog_Exercise.c
Invoking: AVR Compiler
avr-gcc -Wall -g2 -gstabs -O0 -fpack-struct -fshort-enums -ffunction-sections -fdata-sections -std=gnu99 -funsigned-char -funsigned-bitfields -mmcu=atmega32 -DF_CPU=1000000UL -MMD -MP -MF"WatchDog_Exercise.d" -MT"WatchDog_Exercise.o" -c -o "WatchDog_Exercise.o" "../WatchDog_Exercise.c"
In file included from ../WatchDog_Exercise.c:9:
c:/winavr-20100110/lib/gcc/../../avr/include/util/delay.h:90:3: warning: #warning "Compiler optimizations disabled; functions from <util/delay.h> won't work as designed"
Finished building: ../WatchDog_Exercise.c
 
Building target: WatchDog_Exercise.elf
Invoking: AVR C Linker
avr-gcc -Wl,-Map,WatchDog_Exercise.map -mmcu=atmega32 -o "WatchDog_Exercise.elf"  ./WatchDog_Exercise.o   
Finished building target: WatchDog_Exercise.elf
 
Invoking: AVR Create Extended Listing
avr-objdump -h -S WatchDog_Exercise.elf  >"WatchDog_Exercise.lss"
Finished building: WatchDog_Exercise.lss
 
Invoking: Print Size
avr-size --format=avr --mcu=atmega32 WatchDog_Exercise.elf
AVR Memory Usage
----------------
Device: atmega32

Program:    4090 bytes (12.5% Full)
(.text + .data + .bootloader)

Data:          8 bytes (0.4% Full)
(.data + .bss + .noinit)


Finished building: sizedummy
 
19:00:44 **** Incremental Build of configuration Debug for project WatchDog_Exercise ****
make all 
Building file: ../WatchDog_Exercise.c
Invoking: AVR Compiler
avr-gcc -Wall -g2 -gstabs -O0 -fpack-struct -fshort-enums -ffunction-sections -fdata-sections -std=gnu99 -funsigned-char -funsigned-bitfields -mmcu=atmega32 -DF_CPU=1000000UL -MMD -MP -MF"WatchDog_Exercise.d" -MT"WatchDog_Exercise.o" -c -o "WatchDog_Exercise.o" "../WatchDog_Exercise.c"
In file included from ../WatchDog_Exercise.c:9:
c:/winavr-20100110/lib/gcc/../../avr/include/util/delay.h:90:3: warning: #warning "Compiler optimizations disabled; functions from <util/delay.h> won't work as designed"
Finished building: ../WatchDog_Exercise.c
 
Building target: WatchDog_Exercise.elf
Invoking: AVR C Linker
avr-gcc -Wl,-Map,WatchDog_Exercise.map -mmcu=atmega32 -o "WatchDog_Exercise.elf"  ./WatchDog_Exercise.o   
Finished building target: WatchDog_Exercise.elf
 
Invoking: AVR Create Extended Listing
avr-objdump -h -S WatchDog_Exercise.elf  >"WatchDog_Exercise.lss"
Finished building: WatchDog_Exercise.lss
 
Invoking: Print Size
avr-size --format=avr --mcu=atmega32 WatchDog_Exercise.elf
AVR Memory Usage
----------------
Device: atmega32

Program:    4086 bytes (12.5% Full)
(.text + .data + .bootloader)

Data:          8 bytes (0.4% Full)
(.data + .bss + .noinit)


Finished building: sizedummy
 
14:40:01 **** Incremental Build of configuration Debug for project WatchDog_Exercise ****
make all 
Building file: ../WatchDog_Exercise.c
Invoking: AVR Compiler
avr-gcc -Wall -g2 -gstabs -O0 -fpack-struct -fshort-enums -ffunction-sections -fdata-sections -std=gnu99 -funsigned-char -funsigned-bitfields -mmcu=atmega32 -DF_CPU=1000000UL -MMD -MP -MF"WatchDog_Exercise.d" -MT"WatchDog_Exercise.o" -c -o "WatchDog_Exercise.o" "../WatchDog_Exercise.c"
In file included from ../WatchDog_Exercise.c:9:
c:/winavr-20100110/lib/gcc/../../avr/include/util/delay.h:90:3: warning: #warning "Compiler optimizations disabled; functions from <util/delay.h> won't work as designed"
Finished building: ../WatchDog_Exercise.c
 
Building target: WatchDog_Exercise.elf
Invoking: AVR C Linker
avr-gcc -Wl,-Map,WatchDog_Exercise.map -mmcu=atmega32 -o "WatchDog_Exercise.elf"  ./WatchDog_Exercise.o   
Finished building target: WatchDog_Exercise.elf
 
Invoking: AVR Create Extended Listing
avr-objdump -h -S WatchDog_Exercise.elf  >"WatchDog_Exercise.lss"
Finished building: WatchDog_Exercise.lss
 
Invoking: Print Size
avr-size --format=avr --mcu=atmega32 WatchDog_Exercise.elf
AVR Memory Usage
----------------
Device: atmega32

Program:    4086 bytes (12.5% Full)
(.text + .data + .bootloader)

Data:          8 bytes (0.4% Full)
(.data + .bss + .noinit)


Finished building: sizedummy
 
14:41:22 **** Incremental Build of configuration Debug for project WatchDog_Exercise ****
make all 
Building file: ../WatchDog_Exercise.c
Invoking: AVR Compiler
avr-gcc -Wall -g2 -gstabs -O0 -fpack-struct -fshort-enums -ffunction-sections -fdata-sections -std=gnu99 -funsigned-char -funsigned-bitfields -mmcu=atmega32 -DF_CPU=1000000UL -MMD -MP -MF"WatchDog_Exercise.d" -MT"WatchDog_Exercise.o" -c -o "WatchDog_Exercise.o" "../WatchDog_Exercise.c"
In file included from ../WatchDog_Exercise.c:9:
c:/winavr-20100110/lib/gcc/../../avr/include/util/delay.h:90:3: warning: #warning "Compiler optimizations disabled; functions from <util/delay.h> won't work as designed"
Finished building: ../WatchDog_Exercise.c
 
Building target: WatchDog_Exercise.elf
Invoking: AVR C Linker
avr-gcc -Wl,-Map,WatchDog_Exercise.map -mmcu=atmega32 -o "WatchDog_Exercise.elf"  ./WatchDog_Exercise.o   
Finished building target: WatchDog_Exercise.elf
 
Invoking: AVR Create Extended Listing
avr-objdump -h -S WatchDog_Exercise.elf  >"WatchDog_Exercise.lss"
Finished building: WatchDog_Exercise.lss
 
Invoking: Print Size
avr-size --format=avr --mcu=atmega32 WatchDog_Exercise.elf
AVR Memory Usage
----------------
Device: atmega32

Program:    4090 bytes (12.5% Full)
(.text + .data + .bootloader)

Data:          8 bytes (0.4% Full)
(.data + .bss + .noinit)


Finished building: sizedummy
 
14:41:49 **** Incremental Build of configuration Debug for project WatchDog_Exercise ****
make all 
Building file: ../WatchDog_Exercise.c
Invoking: AVR Compiler
avr-gcc -Wall -g2 -gstabs -O0 -fpack-struct -fshort-enums -ffunction-sections -fdata-sections -std=gnu99 -funsigned-char -funsigned-bitfields -mmcu=atmega32 -DF_CPU=1000000UL -MMD -MP -MF"WatchDog_Exercise.d" -MT"WatchDog_Exercise.o" -c -o "WatchDog_Exercise.o" "../WatchDog_Exercise.c"
In file included from ../WatchDog_Exercise.c:9:
c:/winavr-20100110/lib/gcc/../../avr/include/util/delay.h:90:3: warning: #warning "Compiler optimizations disabled; functions from <util/delay.h> won't work as designed"
Finished building: ../WatchDog_Exercise.c
 
Building target: WatchDog_Exercise.elf
Invoking: AVR C Linker
avr-gcc -Wl,-Map,WatchDog_Exercise.map -mmcu=atmega32 -o "WatchDog_Exercise.elf"  ./WatchDog_Exercise.o   
Finished building target: WatchDog_Exercise.elf
 
Invoking: AVR Create Extended Listing
avr-objdump -h -S WatchDog_Exercise.elf  >"WatchDog_Exercise.lss"
Finished building: WatchDog_Exercise.lss
 
Invoking: Print Size
avr-size --format=avr --mcu=atmega32 WatchDog_Exercise.elf
AVR Memory Usage
----------------
Device: atmega32

Program:    4086 bytes (12.5% Full)
(.text + .data + .bootloader)

Data:          8 bytes (0.4% Full)
(.data + .bss + .noinit)


Finished building: sizedummy
 
21:47:10 **** Incremental Build of configuration Debug for project WatchDog_Exercise ****
make all 
Building file: ../WatchDog_Exercise.c
Invoking: AVR Compiler
avr-gcc -Wall -g2 -gstabs -O0 -fpack-struct -fshort-enums -ffunction-sections -fdata-sections -std=gnu99 -funsigned-char -funsigned-bitfields -mmcu=atmega32 -DF_CPU=1000000UL -MMD -MP -MF"WatchDog_Exercise.d" -MT"WatchDog_Exercise.o" -c -o "WatchDog_Exercise.o" "../WatchDog_Exercise.c"
In file included from ../WatchDog_Exercise.c:9:
c:/winavr-20100110/lib/gcc/../../avr/include/util/delay.h:90:3: warning: #warning "Compiler optimizations disabled; functions from <util/delay.h> won't work as designed"
Finished building: ../WatchDog_Exercise.c
 
Building target: WatchDog_Exercise.elf
Invoking: AVR C Linker
avr-gcc -Wl,-Map,WatchDog_Exercise.map -mmcu=atmega32 -o "WatchDog_Exercise.elf"  ./WatchDog_Exercise.o   
Finished building target: WatchDog_Exercise.elf
 
Invoking: AVR Create Extended Listing
avr-objdump -h -S WatchDog_Exercise.elf  >"WatchDog_Exercise.lss"
Finished building: WatchDog_Exercise.lss
 
Invoking: Print Size
avr-size --format=avr --mcu=atmega32 WatchDog_Exercise.elf
AVR Memory Usage
----------------
Device: atmega32

Program:    4086 bytes (12.5% Full)
(.text + .data + .bootloader)

Data:          8 bytes (0.4% Full)
(.data + .bss + .noinit)


Finished building: sizedummy
 
21:48:08 **** Incremental Build of configuration Debug for project WatchDog_Exercise ****
make all 
Building file: ../WatchDog_Exercise.c
Invoking: AVR Compiler
avr-gcc -Wall -g2 -gstabs -O0 -fpack-struct -fshort-enums -ffunction-sections -fdata-sections -std=gnu99 -funsigned-char -funsigned-bitfields -mmcu=atmega32 -DF_CPU=1000000UL -MMD -MP -MF"WatchDog_Exercise.d" -MT"WatchDog_Exercise.o" -c -o "WatchDog_Exercise.o" "../WatchDog_Exercise.c"
In file included from ../WatchDog_Exercise.c:9:
c:/winavr-20100110/lib/gcc/../../avr/include/util/delay.h:90:3: warning: #warning "Compiler optimizations disabled; functions from <util/delay.h> won't work as designed"
Finished building: ../WatchDog_Exercise.c
 
Building target: WatchDog_Exercise.elf
Invoking: AVR C Linker
avr-gcc -Wl,-Map,WatchDog_Exercise.map -mmcu=atmega32 -o "WatchDog_Exercise.elf"  ./WatchDog_Exercise.o   
Finished building target: WatchDog_Exercise.elf
 
Invoking: AVR Create Extended Listing
avr-objdump -h -S WatchDog_Exercise.elf  >"WatchDog_Exercise.lss"
Finished building: WatchDog_Exercise.lss
 
Invoking: Print Size
avr-size --format=avr --mcu=atmega32 WatchDog_Exercise.elf
AVR Memory Usage
----------------
Device: atmega32

Program:    4090 bytes (12.5% Full)
(.text + .data + .bootloader)

Data:          8 bytes (0.4% Full)
(.data + .bss + .noinit)


Finished building: sizedummy
 
21:48:37 **** Incremental Build of configuration Debug for project WatchDog_Exercise ****
make all 
Building file: ../WatchDog_Exercise.c
Invoking: AVR Compiler
avr-gcc -Wall -g2 -gstabs -O0 -fpack-struct -fshort-enums -ffunction-sections -fdata-sections -std=gnu99 -funsigned-char -funsigned-bitfields -mmcu=atmega32 -DF_CPU=1000000UL -MMD -MP -MF"WatchDog_Exercise.d" -MT"WatchDog_Exercise.o" -c -o "WatchDog_Exercise.o" "../WatchDog_Exercise.c"
In file included from ../WatchDog_Exercise.c:9:
c:/winavr-20100110/lib/gcc/../../avr/include/util/delay.h:90:3: warning: #warning "Compiler optimizations disabled; functions from <util/delay.h> won't work as designed"
Finished building: ../WatchDog_Exercise.c
 
Building target: WatchDog_Exercise.elf
Invoking: AVR C Linker
avr-gcc -Wl,-Map,WatchDog_Exercise.map -mmcu=atmega32 -o "WatchDog_Exercise.elf"  ./WatchDog_Exercise.o   
Finished building target: WatchDog_Exercise.elf
 
Invoking: AVR Create Extended Listing
avr-objdump -h -S WatchDog_Exercise.elf  >"WatchDog_Exercise.lss"
Finished building: WatchDog_Exercise.lss
 
Invoking: Print Size
avr-size --format=avr --mcu=atmega32 WatchDog_Exercise.elf
AVR Memory Usage
----------------
Device: atmega32

Program:    4086 bytes (12.5% Full)
(.text + .data + .bootloader)

Data:          8 bytes (0.4% Full)
(.data + .bss + .noinit)


Finished building: sizedummy
 
19:00:25 **** Incremental Build of configuration Debug for project WatchDog_Exercise ****
make all 
Building file: ../WatchDog_Exercise.c
Invoking: AVR Compiler
avr-gcc -Wall -g2 -gstabs -O0 -fpack-struct -fshort-enums -ffunction-sections -fdata-sections -std=gnu99 -funsigned-char -funsigned-bitfields -mmcu=atmega32 -DF_CPU=1000000UL -MMD -MP -MF"WatchDog_Exercise.d" -MT"WatchDog_Exercise.o" -c -o "WatchDog_Exercise.o" "../WatchDog_Exercise.c"
In file included from ../WatchDog_Exercise.c:9:
c:/winavr-20100110/lib/gcc/../../avr/include/util/delay.h:90:3: warning: #warning "Compiler optimizations disabled; functions from <util/delay.h> won't work as designed"
Finished building: ../WatchDog_Exercise.c
 
Building target: WatchDog_Exercise.elf
Invoking: AVR C Linker
avr-gcc -Wl,-Map,WatchDog_Exercise.map -mmcu=atmega32 -o "WatchDog_Exercise.elf"  ./WatchDog_Exercise.o   
Finished building target: WatchDog_Exercise.elf
 
Invoking: AVR Create Extended Listing
avr-objdump -h -S WatchDog_Exercise.elf  >"WatchDog_Exercise.lss"
Finished building: WatchDog_Exercise.lss
 
Invoking: Print Size
avr-size --format=avr --mcu=atmega32 WatchDog_Exercise.elf
AVR Memory Usage
----------------
Device: atmega32

Program:    4086 bytes (12.5% Full)
(.text + .data + .bootloader)

Data:          8 bytes (0.4% Full)
(.data + .bss + .noinit)


Finished building: sizedummy
 
19:01:30 **** Incremental Build of configuration Debug for project WatchDog_Exercise ****
make all 
Building file: ../WatchDog_Exercise.c
Invoking: AVR Compiler
avr-gcc -Wall -g2 -gstabs -O0 -fpack-struct -fshort-enums -ffunction-sections -fdata-sections -std=gnu99 -funsigned-char -funsigned-bitfields -mmcu=atmega32 -DF_CPU=1000000UL -MMD -MP -MF"WatchDog_Exercise.d" -MT"WatchDog_Exercise.o" -c -o "WatchDog_Exercise.o" "../WatchDog_Exercise.c"
In file included from ../WatchDog_Exercise.c:9:
c:/winavr-20100110/lib/gcc/../../avr/include/util/delay.h:90:3: warning: #warning "Compiler optimizations disabled; functions from <util/delay.h> won't work as designed"
Finished building: ../WatchDog_Exercise.c
 
Building target: WatchDog_Exercise.elf
Invoking: AVR C Linker
avr-gcc -Wl,-Map,WatchDog_Exercise.map -mmcu=atmega32 -o "WatchDog_Exercise.elf"  ./WatchDog_Exercise.o   
Finished building target: WatchDog_Exercise.elf
 
Invoking: AVR Create Extended Listing
avr-objdump -h -S WatchDog_Exercise.elf  >"WatchDog_Exercise.lss"
Finished building: WatchDog_Exercise.lss
 
Invoking: Print Size
avr-size --format=avr --mcu=atmega32 WatchDog_Exercise.elf
AVR Memory Usage
----------------
Device: atmega32

Program:    4090 bytes (12.5% Full)
(.text + .data + .bootloader)

Data:          8 bytes (0.4% Full)
(.data + .bss + .noinit)


Finished building: sizedummy
 
19:01:58 **** Incremental Build of configuration Debug for project WatchDog_Exercise ****
make all 
Building file: ../WatchDog_Exercise.c
Invoking: AVR Compiler
avr-gcc -Wall -g2 -gstabs -O0 -fpack-struct -fshort-enums -ffunction-sections -fdata-sections -std=gnu99 -funsigned-char -funsigned-bitfields -mmcu=atmega32 -DF_CPU=1000000UL -MMD -MP -MF"WatchDog_Exercise.d" -MT"WatchDog_Exercise.o" -c -o "WatchDog_Exercise.o" "../WatchDog_Exercise.c"
In file included from ../WatchDog_Exercise.c:9:
c:/winavr-20100110/lib/gcc/../../avr/include/util/delay.h:90:3: warning: #warning "Compiler optimizations disabled; functions from <util/delay.h> won't work as designed"
Finished building: ../WatchDog_Exercise.c
 
Building target: WatchDog_Exercise.elf
Invoking: AVR C Linker
avr-gcc -Wl,-Map,WatchDog_Exercise.map -mmcu=atmega32 -o "WatchDog_Exercise.elf"  ./WatchDog_Exercise.o   
Finished building target: WatchDog_Exercise.elf
 
Invoking: AVR Create Extended Listing
avr-objdump -h -S WatchDog_Exercise.elf  >"WatchDog_Exercise.lss"
Finished building: WatchDog_Exercise.lss
 
Invoking: Print Size
avr-size --format=avr --mcu=atmega32 WatchDog_Exercise.elf
AVR Memory Usage
----------------
Device: atmega32

Program:    4086 bytes (12.5% Full)
(.text + .data + .bootloader)

Data:          8 bytes (0.4% Full)
(.data + .bss + .noinit)


Finished building: sizedummy
 
09:41:35 **** Incremental Build of configuration Debug for project WatchDog_Exercise ****
make all 
Building file: ../WatchDog_Exercise.c
Invoking: AVR Compiler
avr-gcc -Wall -g2 -gstabs -O0 -fpack-struct -fshort-enums -ffunction-sections -fdata-sections -std=gnu99 -funsigned-char -funsigned-bitfields -mmcu=atmega32 -DF_CPU=1000000UL -MMD -MP -MF"WatchDog_Exercise.d" -MT"WatchDog_Exercise.o" -c -o "WatchDog_Exercise.o" "../WatchDog_Exercise.c"
In file included from ../WatchDog_Exercise.c:9:
c:/winavr-20100110/lib/gcc/../../avr/include/util/delay.h:90:3: warning: #warning "Compiler optimizations disabled; functions from <util/delay.h> won't work as designed"
Finished building: ../WatchDog_Exercise.c
 
Building target: WatchDog_Exercise.elf
Invoking: AVR C Linker
avr-gcc -Wl,-Map,WatchDog_Exercise.map -mmcu=atmega32 -o "WatchDog_Exercise.elf"  ./WatchDog_Exercise.o   
Finished building target: WatchDog_Exercise.elf
 
Invoking: AVR Create Extended Listing
avr-objdump -h -S WatchDog_Exercise.elf  >"WatchDog_Exercise.lss"
Finished building: WatchDog_Exercise.lss
 
Invoking: Print Size
avr-size --format=avr --mcu=atmega32 WatchDog_Exercise.elf
AVR Memory Usage
----------------
Device: atmega32

Program:    4086 bytes (12.5% Full)
(.text + .data + .bootloader)

Data:          8 bytes (0.4% Full)
(.data + .bss + .noinit)


Finished building: sizedummy
 
09:42:51 **** Incremental Build of configuration Debug for project WatchDog_Exercise ****
make all 
Building file: ../WatchDog_Exercise.c
Invoking: AVR Compiler
avr-gcc -Wall -g2 -gstabs -O0 -fpack-struct -fshort-enums -ffunction-sections -fdata-sections -std=gnu99 -funsigned-char -funsigned-bitfields -mmcu=atmega32 -DF_CPU=1000000UL -MMD -MP -MF"WatchDog_Exercise.d" -MT"WatchDog_Exercise.o" -c -o "WatchDog_Exercise.o" "../WatchDog_Exercise.c"
In file included from ../WatchDog_Exercise.c:9:
c:/winavr-20100110/lib/gcc/../../avr/include/util/delay.h:90:3: warning: #warning "Compiler optimizations disabled; functions from <util/delay.h> won't work as designed"
Finished building: ../WatchDog_Exercise.c
 
Building target: WatchDog_Exercise.elf
Invoking: AVR C Linker
avr-gcc -Wl,-Map,WatchDog_Exercise.map -mmcu=atmega32 -o "WatchDog_Exercise.elf"  ./WatchDog_Exercise.o   
Finished building target: WatchDog_Exercise.elf
 
Invoking: AVR Create Extended Listing
avr-objdump -h -S WatchDog_Exercise.elf  >"WatchDog_Exercise.lss"
Finished building: WatchDog_Exercise.lss
 
Invoking: Print Size
avr-size --format=avr --mcu=atmega32 WatchDog_Exercise.elf
AVR Memory Usage
----------------
Device: atmega32

Program:    4090 bytes (12.5% Full)
(.text + .data + .bootloader)

Data:          8 bytes (0.4% Full)
(.data + .bss + .noinit)


Finished building: sizedummy
 
09:45:50 **** Incremental Build of configuration Debug for project WatchDog_Exercise ****
make all 
Building file: ../WatchDog_Exercise.c
Invoking: AVR Compiler
avr-gcc -Wall -g2 -gstabs -O0 -fpack-struct -fshort-enums -ffunction-sections -fdata-sections -std=gnu99 -funsigned-char -funsigned-bitfields -mmcu=atmega32 -DF_CPU=1000000UL -MMD -MP -MF"WatchDog_Exercise.d" -MT"WatchDog_Exercise.o" -c -o "WatchDog_Exercise.o" "../WatchDog_Exercise.c"
In file included from ../WatchDog_Exercise.c:9:
c:/winavr-20100110/lib/gcc/../../avr/include/util/delay.h:90:3: warning: #warning "Compiler optimizations disabled; functions from <util/delay.h> won't work as designed"
Finished building: ../WatchDog_Exercise.c
 
Building target: WatchDog_Exercise.elf
Invoking: AVR C Linker
avr-gcc -Wl,-Map,WatchDog_Exercise.map -mmcu=atmega32 -o "WatchDog_Exercise.elf"  ./WatchDog_Exercise.o   
Finished building target: WatchDog_Exercise.elf
 
Invoking: AVR Create Extended Listing
avr-objdump -h -S WatchDog_Exercise.elf  >"WatchDog_Exercise.lss"
Finished building: WatchDog_Exercise.lss
 
Invoking: Print Size
avr-size --format=avr --mcu=atmega32 WatchDog_Exercise.elf
AVR Memory Usage
----------------
Device: atmega32

Program:    4086 bytes (12.5% Full)
(.text + .data + .bootloader)

Data:          8 bytes (0.4% Full)
(.data + .bss + .noinit)


Finished building: sizedummy
 
14:33:58 **** Incremental Build of configuration Debug for project WatchDog_Exercise ****
make all 
Building file: ../WatchDog_Exercise.c
Invoking: AVR Compiler
avr-gcc -Wall -g2 -gstabs -O0 -fpack-struct -fshort-enums -ffunction-sections -fdata-sections -std=gnu99 -funsigned-char -funsigned-bitfields -mmcu=atmega32 -DF_CPU=1000000UL -MMD -MP -MF"WatchDog_Exercise.d" -MT"WatchDog_Exercise.o" -c -o "WatchDog_Exercise.o" "../WatchDog_Exercise.c"
In file included from ../WatchDog_Exercise.c:9:
c:/winavr-20100110/lib/gcc/../../avr/include/util/delay.h:90:3: warning: #warning "Compiler optimizations disabled; functions from <util/delay.h> won't work as designed"
Finished building: ../WatchDog_Exercise.c
 
Building target: WatchDog_Exercise.elf
Invoking: AVR C Linker
avr-gcc -Wl,-Map,WatchDog_Exercise.map -mmcu=atmega32 -o "WatchDog_Exercise.elf"  ./WatchDog_Exercise.o   
Finished building target: WatchDog_Exercise.elf
 
Invoking: AVR Create Extended Listing
avr-objdump -h -S WatchDog_Exercise.elf  >"WatchDog_Exercise.lss"
Finished building: WatchDog_Exercise.lss
 
Invoking: Print Size
avr-size --format=avr --mcu=atmega32 WatchDog_Exercise.elf
AVR Memory Usage
----------------
Device: atmega32

Program:    4086 bytes (12.5% Full)
(.text + .data + .bootloader)

Data:          8 bytes (0.4% Full)
(.data + .bss + .noinit)


Finished building: sizedummy
 
14:35:05 **** Incremental Build of configuration Debug for project WatchDog_Exercise ****
make all 
Building file: ../WatchDog_Exercise.c
Invoking: AVR Compiler
avr-gcc -Wall -g2 -gstabs -O0 -fpack-struct -fshort-enums -ffunction-sections -fdata-sections -std=gnu99 -funsigned-char -funsigned-bitfields -mmcu=atmega32 -DF_CPU=1000000UL -MMD -MP -MF"WatchDog_Exercise.d" -MT"WatchDog_Exercise.o" -c -o "WatchDog_Exercise.o" "../WatchDog_Exercise.c"
In file included from ../WatchDog_Exercise.c:9:
c:/winavr-20100110/lib/gcc/../../avr/include/util/delay.h:90:3: warning: #warning "Compiler optimizations disabled; functions from <util/delay.h> won't work as designed"
Finished building: ../WatchDog_Exercise.c
 
Building target: WatchDog_Exercise.elf
Invoking: AVR C Linker
avr-gcc -Wl,-Map,WatchDog_Exercise.map -mmcu=atmega32 -o "WatchDog_Exercise.elf"  ./WatchDog_Exercise.o   
Finished building target: WatchDog_Exercise.elf
 
Invoking: AVR Create Extended Listing
avr-objdump -h -S WatchDog_Exercise.elf  >"WatchDog_Exercise.lss"
Finished building: WatchDog_Exercise.lss
 
Invoking: Print Size
avr-size --format=avr --mcu=atmega32 WatchDog_Exercise.elf
AVR Memory Usage
----------------
Device: atmega32

Program:    4090 bytes (12.5% Full)
(.text + .data + .bootloader)

Data:          8 bytes (0.4% Full)
(.data + .bss + .noinit)


Finished building: sizedummy
 
14:35:34 **** Incremental Build of configuration Debug for project WatchDog_Exercise ****
make all 
Invoking: Print Size
avr-size --format=avr --mcu=atmega32 WatchDog_Exercise.elf
AVR Memory Usage
----------------
Device: atmega32

Program:    4090 bytes (12.5% Full)
(.text + .data + .bootloader)

Data:          8 bytes (0.4% Full)
(.data + .bss + .noinit)


Finished building: sizedummy
 
14:36:04 **** Incremental Build of configuration Debug for project WatchDog_Exercise ****
make all 
Building file: ../WatchDog_Exercise.c
Invoking: AVR Compiler
avr-gcc -Wall -g2 -gstabs -O0 -fpack-struct -fshort-enums -ffunction-sections -fdata-sections -std=gnu99 -funsigned-char -funsigned-bitfields -mmcu=atmega32 -DF_CPU=1000000UL -MMD -MP -MF"WatchDog_Exercise.d" -MT"WatchDog_Exercise.o" -c -o "WatchDog_Exercise.o" "../WatchDog_Exercise.c"
In file included from ../WatchDog_Exercise.c:9:
c:/winavr-20100110/lib/gcc/../../avr/include/util/delay.h:90:3: warning: #warning "Compiler optimizations disabled; functions from <util/delay.h> won't work as designed"
Finished building: ../WatchDog_Exercise.c
 
Building target: WatchDog_Exercise.elf
Invoking: AVR C Linker
avr-gcc -Wl,-Map,WatchDog_Exercise.map -mmcu=atmega32 -o "WatchDog_Exercise.elf"  ./WatchDog_Exercise.o   
Finished building target: WatchDog_Exercise.elf
 
Invoking: AVR Create Extended Listing
avr-objdump -h -S WatchDog_Exercise.elf  >"WatchDog_Exercise.lss"
Finished building: WatchDog_Exercise.lss
 
Invoking: Print Size
avr-size --format=avr --mcu=atmega32 WatchDog_Exercise.elf
AVR Memory Usage
----------------
Device: atmega32

Program:    4086 bytes (12.5% Full)
(.text + .data + .bootloader)

Data:          8 bytes (0.4% Full)
(.data + .bss + .noinit)


Finished building: sizedummy
 
19:26:03 **** Incremental Build of configuration Debug for project WatchDog_Exercise ****
make all 
Building file: ../WatchDog_Exercise.c
Invoking: AVR Compiler
avr-gcc -Wall -g2 -gstabs -O0 -fpack-struct -fshort-enums -ffunction-sections -fdata-sections -std=gnu99 -funsigned-char -funsigned-bitfields -mmcu=atmega32 -DF_CPU=1000000UL -MMD -MP -MF"WatchDog_Exercise.d" -MT"WatchDog_Exercise.o" -c -o "WatchDog_Exercise.o" "../WatchDog_Exercise.c"
In file included from ../WatchDog_Exercise.c:9:
c:/winavr-20100110/lib/gcc/../../avr/include/util/delay.h:90:3: warning: #warning "Compiler optimizations disabled; functions from <util/delay.h> won't work as designed"
Finished building: ../WatchDog_Exercise.c
 
Building target: WatchDog_Exercise.elf
Invoking: AVR C Linker
avr-gcc -Wl,-Map,WatchDog_Exercise.map -mmcu=atmega32 -o "WatchDog_Exercise.elf"  ./WatchDog_Exercise.o   
Finished building target: WatchDog_Exercise.elf
 
Invoking: AVR Create Extended Listing
avr-objdump -h -S WatchDog_Exercise.elf  >"WatchDog_Exercise.lss"
Finished building: WatchDog_Exercise.lss
 
Invoking: Print Size
avr-size --format=avr --mcu=atmega32 WatchDog_Exercise.elf
AVR Memory Usage
----------------
Device: atmega32

Program:    4086 bytes (12.5% Full)
(.text + .data + .bootloader)

Data:          8 bytes (0.4% Full)
(.data + .bss + .noinit)


Finished building: sizedummy
 
19:26:45 **** Incremental Build of configuration Debug for project WatchDog_Exercise ****
make all 
Building file: ../WatchDog_Exercise.c
Invoking: AVR Compiler
avr-gcc -Wall -g2 -gstabs -O0 -fpack-struct -fshort-enums -ffunction-sections -fdata-sections -std=gnu99 -funsigned-char -funsigned-bitfields -mmcu=atmega32 -DF_CPU=1000000UL -MMD -MP -MF"WatchDog_Exercise.d" -MT"WatchDog_Exercise.o" -c -o "WatchDog_Exercise.o" "../WatchDog_Exercise.c"
In file included from ../WatchDog_Exercise.c:9:
c:/winavr-20100110/lib/gcc/../../avr/include/util/delay.h:90:3: warning: #warning "Compiler optimizations disabled; functions from <util/delay.h> won't work as designed"
Finished building: ../WatchDog_Exercise.c
 
Building target: WatchDog_Exercise.elf
Invoking: AVR C Linker
avr-gcc -Wl,-Map,WatchDog_Exercise.map -mmcu=atmega32 -o "WatchDog_Exercise.elf"  ./WatchDog_Exercise.o   
Finished building target: WatchDog_Exercise.elf
 
Invoking: AVR Create Extended Listing
avr-objdump -h -S WatchDog_Exercise.elf  >"WatchDog_Exercise.lss"
Finished building: WatchDog_Exercise.lss
 
Invoking: Print Size
avr-size --format=avr --mcu=atmega32 WatchDog_Exercise.elf
AVR Memory Usage
----------------
Device: atmega32

Program:    4090 bytes (12.5% Full)
(.text + .data + .bootloader)

Data:          8 bytes (0.4% Full)
(.data + .bss + .noinit)


Finished building: sizedummy
 
19:27:10 **** Incremental Build of configuration Debug for project WatchDog_Exercise ****
make all 
Invoking: Print Size
avr-size --format=avr --mcu=atmega32 WatchDog_Exercise.elf
AVR Memory Usage
----------------
Device: atmega32

Program:    4090 bytes (12.5% Full)
(.text + .data + .bootloader)

Data:          8 bytes (0.4% Full)
(.data + .bss + .noinit)


Finished building: sizedummy
 
19:28:01 **** Incremental Build of configuration Debug for project WatchDog_Exercise ****
make all 
Building file: ../WatchDog_Exercise.c
Invoking: AVR Compiler
avr-gcc -Wall -g2 -gstabs -O0 -fpack-struct -fshort-enums -ffunction-sections -fdata-sections -std=gnu99 -funsigned-char -funsigned-bitfields -mmcu=atmega32 -DF_CPU=1000000UL -MMD -MP -MF"WatchDog_Exercise.d" -MT"WatchDog_Exercise.o" -c -o "WatchDog_Exercise.o" "../WatchDog_Exercise.c"
In file included from ../WatchDog_Exercise.c:9:
c:/winavr-20100110/lib/gcc/../../avr/include/util/delay.h:90:3: warning: #warning "Compiler optimizations disabled; functions from <util/delay.h> won't work as designed"
Finished building: ../WatchDog_Exercise.c
 
Building target: WatchDog_Exercise.elf
Invoking: AVR C Linker
avr-gcc -Wl,-Map,WatchDog_Exercise.map -mmcu=atmega32 -o "WatchDog_Exercise.elf"  ./WatchDog_Exercise.o   
Finished building target: WatchDog_Exercise.elf
 
Invoking: AVR Create Extended Listing
avr-objdump -h -S WatchDog_Exercise.elf  >"WatchDog_Exercise.lss"
Finished building: WatchDog_Exercise.lss
 
Invoking: Print Size
avr-size --format=avr --mcu=atmega32 WatchDog_Exercise.elf
AVR Memory Usage
----------------
Device: atmega32

Program:    4086 bytes (12.5% Full)
(.text + .data + .bootloader)

Data:          8 bytes (0.4% Full)
(.data + .bss + .noinit)


Finished building: sizedummy
 
20:39:20 **** Incremental Build of configuration Debug for project WatchDog_Exercise ****
make all 
Invoking: Print Size
avr-size --format=avr --mcu=atmega32 WatchDog_Exercise.elf
AVR Memory Usage
----------------
Device: atmega32

Program:    4086 bytes (12.5% Full)
(.text + .data + .bootloader)

Data:          8 bytes (0.4% Full)
(.data + .bss + .noinit)


Finished building: sizedummy
 
09:42:49 **** Incremental Build of configuration Debug for project WatchDog_Exercise ****
make all 
Building file: ../WatchDog_Exercise.c
Invoking: AVR Compiler
avr-gcc -Wall -g2 -gstabs -O0 -fpack-struct -fshort-enums -ffunction-sections -fdata-sections -std=gnu99 -funsigned-char -funsigned-bitfields -mmcu=atmega32 -DF_CPU=1000000UL -MMD -MP -MF"WatchDog_Exercise.d" -MT"WatchDog_Exercise.o" -c -o "WatchDog_Exercise.o" "../WatchDog_Exercise.c"
In file included from ../WatchDog_Exercise.c:9:
c:/winavr-20100110/lib/gcc/../../avr/include/util/delay.h:90:3: warning: #warning "Compiler optimizations disabled; functions from <util/delay.h> won't work as designed"
Finished building: ../WatchDog_Exercise.c
 
Building target: WatchDog_Exercise.elf
Invoking: AVR C Linker
avr-gcc -Wl,-Map,WatchDog_Exercise.map -mmcu=atmega32 -o "WatchDog_Exercise.elf"  ./WatchDog_Exercise.o   
Finished building target: WatchDog_Exercise.elf
 
Invoking: AVR Create Extended Listing
avr-objdump -h -S WatchDog_Exercise.elf  >"WatchDog_Exercise.lss"
Finished building: WatchDog_Exercise.lss
 
Invoking: Print Size
avr-size --format=avr --mcu=atmega32 WatchDog_Exercise.elf
AVR Memory Usage
----------------
Device: atmega32

Program:    4086 bytes (12.5% Full)
(.text + .data + .bootloader)

Data:          8 bytes (0.4% Full)
(.data + .bss + .noinit)


Finished building: sizedummy
 
09:43:58 **** Incremental Build of configuration Debug for project WatchDog_Exercise ****
make all 
Building file: ../WatchDog_Exercise.c
Invoking: AVR Compiler
avr-gcc -Wall -g2 -gstabs -O0 -fpack-struct -fshort-enums -ffunction-sections -fdata-sections -std=gnu99 -funsigned-char -funsigned-bitfields -mmcu=atmega32 -DF_CPU=1000000UL -MMD -MP -MF"WatchDog_Exercise.d" -MT"WatchDog_Exercise.o" -c -o "WatchDog_Exercise.o" "../WatchDog_Exercise.c"
In file included from ../WatchDog_Exercise.c:9:
c:/winavr-20100110/lib/gcc/../../avr/include/util/delay.h:90:3: warning: #warning "Compiler optimizations disabled; functions from <util/delay.h> won't work as designed"
Finished building: ../WatchDog_Exercise.c
 
Building target: WatchDog_Exercise.elf
Invoking: AVR C Linker
avr-gcc -Wl,-Map,WatchDog_Exercise.map -mmcu=atmega32 -o "WatchDog_Exercise.elf"  ./WatchDog_Exercise.o   
Finished building target: WatchDog_Exercise.elf
 
Invoking: AVR Create Extended Listing
avr-objdump -h -S WatchDog_Exercise.elf  >"WatchDog_Exercise.lss"
Finished building: WatchDog_Exercise.lss
 
Invoking: Print Size
avr-size --format=avr --mcu=atmega32 WatchDog_Exercise.elf
AVR Memory Usage
----------------
Device: atmega32

Program:    4090 bytes (12.5% Full)
(.text + .data + .bootloader)

Data:          8 bytes (0.4% Full)
(.data + .bss + .noinit)


Finished building: sizedummy
 
09:44:30 **** Incremental Build of configuration Debug for project WatchDog_Exercise ****
make all 
Building file: ../WatchDog_Exercise.c
Invoking: AVR Compiler
avr-gcc -Wall -g2 -gstabs -O0 -fpack-struct -fshort-enums -ffunction-sections -fdata-sections -std=gnu99 -funsigned-char -funsigned-bitfields -mmcu=atmega32 -DF_CPU=1000000UL -MMD -MP -MF"WatchDog_Exercise.d" -MT"WatchDog_Exercise.o" -c -o "WatchDog_Exercise.o" "../WatchDog_Exercise.c"
In file included from ../WatchDog_Exercise.c:9:
c:/winavr-20100110/lib/gcc/../../avr/include/util/delay.h:90:3: warning: #warning "Compiler optimizations disabled; functions from <util/delay.h> won't work as designed"
Finished building: ../WatchDog_Exercise.c
 
Building target: WatchDog_Exercise.elf
Invoking: AVR C Linker
avr-gcc -Wl,-Map,WatchDog_Exercise.map -mmcu=atmega32 -o "WatchDog_Exercise.elf"  ./WatchDog_Exercise.o   
Finished building target: WatchDog_Exercise.elf
 
Invoking: AVR Create Extended Listing
avr-objdump -h -S WatchDog_Exercise.elf  >"WatchDog_Exercise.lss"
Finished building: WatchDog_Exercise.lss
 
Invoking: Print Size
avr-size --format=avr --mcu=atmega32 WatchDog_Exercise.elf
AVR Memory Usage
----------------
Device: atmega32

Program:    4086 bytes (12.5% Full)
(.text + .data + .bootloader)

Data:          8 bytes (0.4% Full)
(.data + .bss + .noinit)


Finished building: sizedummy
 
19:39:06 **** Incremental Build of configuration Debug for project WatchDog_Exercise ****
make all 
Building file: ../WatchDog_Exercise.c
Invoking: AVR Compiler
avr-gcc -Wall -g2 -gstabs -O0 -fpack-struct -fshort-enums -ffunction-sections -fdata-sections -std=gnu99 -funsigned-char -funsigned-bitfields -mmcu=atmega32 -DF_CPU=1000000UL -MMD -MP -MF"WatchDog_Exercise.d" -MT"WatchDog_Exercise.o" -c -o "WatchDog_Exercise.o" "../WatchDog_Exercise.c"
In file included from ../WatchDog_Exercise.c:9:
c:/winavr-20100110/lib/gcc/../../avr/include/util/delay.h:90:3: warning: #warning "Compiler optimizations disabled; functions from <util/delay.h> won't work as designed"
Finished building: ../WatchDog_Exercise.c
 
Building target: WatchDog_Exercise.elf
Invoking: AVR C Linker
avr-gcc -Wl,-Map,WatchDog_Exercise.map -mmcu=atmega32 -o "WatchDog_Exercise.elf"  ./WatchDog_Exercise.o   
Finished building target: WatchDog_Exercise.elf
 
Invoking: AVR Create Extended Listing
avr-objdump -h -S WatchDog_Exercise.elf  >"WatchDog_Exercise.lss"
Finished building: WatchDog_Exercise.lss
 
Invoking: Print Size
avr-size --format=avr --mcu=atmega32 WatchDog_Exercise.elf
AVR Memory Usage
----------------
Device: atmega32

Program:    4086 bytes (12.5% Full)
(.text + .data + .bootloader)

Data:          8 bytes (0.4% Full)
(.data + .bss + .noinit)


Finished building: sizedummy
 
19:39:50 **** Incremental Build of configuration Debug for project WatchDog_Exercise ****
make all 
Building file: ../WatchDog_Exercise.c
Invoking: AVR Compiler
avr-gcc -Wall -g2 -gstabs -O0 -fpack-struct -fshort-enums -ffunction-sections -fdata-sections -std=gnu99 -funsigned-char -funsigned-bitfields -mmcu=atmega32 -DF_CPU=1000000UL -MMD -MP -MF"WatchDog_Exercise.d" -MT"WatchDog_Exercise.o" -c -o "WatchDog_Exercise.o" "../WatchDog_Exercise.c"
In file included from ../WatchDog_Exercise.c:9:
c:/winavr-20100110/lib/gcc/../../avr/include/util/delay.h:90:3: warning: #warning "Compiler optimizations disabled; functions from <util/delay.h> won't work as designed"
Finished building: ../WatchDog_Exercise.c
 
Building target: WatchDog_Exercise.elf
Invoking: AVR C Linker
avr-gcc -Wl,-Map,WatchDog_Exercise.map -mmcu=atmega32 -o "WatchDog_Exercise.elf"  ./WatchDog_Exercise.o   
Finished building target: WatchDog_Exercise.elf
 
Invoking: AVR Create Extended Listing
avr-objdump -h -S WatchDog_Exercise.elf  >"WatchDog_Exercise.lss"
Finished building: WatchDog_Exercise.lss
 
Invoking: Print Size
avr-size --format=avr --mcu=atmega32 WatchDog_Exercise.elf
AVR Memory Usage
----------------
Device: atmega32

Program:    4090 bytes (12.5% Full)
(.text + .data + .bootloader)

Data:          8 bytes (0.4% Full)
(.data + .bss + .noinit)


Finished building: sizedummy
 
19:40:27 **** Incremental Build of configuration Debug for project WatchDog_Exercise ****
make all 
Invoking: Print Size
avr-size --format=avr --mcu=atmega32 WatchDog_Exercise.elf
AVR Memory Usage
----------------
Device: atmega32

Program:    4090 bytes (12.5% Full)
(.text + .data + .bootloader)

Data:          8 bytes (0.4% Full)
(.data + .bss + .noinit)


Finished building: sizedummy
 
19:41:00 **** Incremental Build of configuration Debug for project WatchDog_Exercise ****
make all 
Building file: ../WatchDog_Exercise.c
Invoking: AVR Compiler
avr-gcc -Wall -g2 -gstabs -O0 -fpack-struct -fshort-enums -ffunction-sections -fdata-sections -std=gnu99 -funsigned-char -funsigned-bitfields -mmcu=atmega32 -DF_CPU=1000000UL -MMD -MP -MF"WatchDog_Exercise.d" -MT"WatchDog_Exercise.o" -c -o "WatchDog_Exercise.o" "../WatchDog_Exercise.c"
In file included from ../WatchDog_Exercise.c:9:
c:/winavr-20100110/lib/gcc/../../avr/include/util/delay.h:90:3: warning: #warning "Compiler optimizations disabled; functions from <util/delay.h> won't work as designed"
Finished building: ../WatchDog_Exercise.c
 
Building target: WatchDog_Exercise.elf
Invoking: AVR C Linker
avr-gcc -Wl,-Map,WatchDog_Exercise.map -mmcu=atmega32 -o "WatchDog_Exercise.elf"  ./WatchDog_Exercise.o   
Finished building target: WatchDog_Exercise.elf
 
Invoking: AVR Create Extended Listing
avr-objdump -h -S WatchDog_Exercise.elf  >"WatchDog_Exercise.lss"
Finished building: WatchDog_Exercise.lss
 
Invoking: Print Size
avr-size --format=avr --mcu=atmega32 WatchDog_Exercise.elf
AVR Memory Usage
----------------
Device: atmega32

Program:    4086 bytes (12.5% Full)
(.text + .data + .bootloader)

Data:          8 bytes (0.4% Full)
(.data + .bss + .noinit)


Finished building: sizedummy
 
10:26:24 **** Incremental Build of configuration Debug for project WatchDog_Exercise ****
make all 
Building file: ../WatchDog_Exercise.c
Invoking: AVR Compiler
avr-gcc -Wall -g2 -gstabs -O0 -fpack-struct -fshort-enums -ffunction-sections -fdata-sections -std=gnu99 -funsigned-char -funsigned-bitfields -mmcu=atmega32 -DF_CPU=1000000UL -MMD -MP -MF"WatchDog_Exercise.d" -MT"WatchDog_Exercise.o" -c -o "WatchDog_Exercise.o" "../WatchDog_Exercise.c"
In file included from ../WatchDog_Exercise.c:9:
c:/winavr-20100110/lib/gcc/../../avr/include/util/delay.h:90:3: warning: #warning "Compiler optimizations disabled; functions from <util/delay.h> won't work as designed"
Finished building: ../WatchDog_Exercise.c
 
Building target: WatchDog_Exercise.elf
Invoking: AVR C Linker
avr-gcc -Wl,-Map,WatchDog_Exercise.map -mmcu=atmega32 -o "WatchDog_Exercise.elf"  ./WatchDog_Exercise.o   
Finished building target: WatchDog_Exercise.elf
 
Invoking: AVR Create Extended Listing
avr-objdump -h -S WatchDog_Exercise.elf  >"WatchDog_Exercise.lss"
Finished building: WatchDog_Exercise.lss
 
Invoking: Print Size
avr-size --format=avr --mcu=atmega32 WatchDog_Exercise.elf
AVR Memory Usage
----------------
Device: atmega32

Program:    4090 bytes (12.5% Full)
(.text + .data + .bootloader)

Data:          8 bytes (0.4% Full)
(.data + .bss + .noinit)


Finished building: sizedummy
 
15:31:39 **** Incremental Build of configuration Debug for project WatchDog_Exercise ****
make all 
Building file: ../WatchDog_Exercise.c
Invoking: AVR Compiler
avr-gcc -Wall -g2 -gstabs -O0 -fpack-struct -fshort-enums -ffunction-sections -fdata-sections -std=gnu99 -funsigned-char -funsigned-bitfields -mmcu=atmega32 -DF_CPU=1000000UL -MMD -MP -MF"WatchDog_Exercise.d" -MT"WatchDog_Exercise.o" -c -o "WatchDog_Exercise.o" "../WatchDog_Exercise.c"
In file included from ../WatchDog_Exercise.c:9:
c:/winavr-20100110/lib/gcc/../../avr/include/util/delay.h:90:3: warning: #warning "Compiler optimizations disabled; functions from <util/delay.h> won't work as designed"
Finished building: ../WatchDog_Exercise.c
 
Building target: WatchDog_Exercise.elf
Invoking: AVR C Linker
avr-gcc -Wl,-Map,WatchDog_Exercise.map -mmcu=atmega32 -o "WatchDog_Exercise.elf"  ./WatchDog_Exercise.o   
Finished building target: WatchDog_Exercise.elf
 
Invoking: AVR Create Extended Listing
avr-objdump -h -S WatchDog_Exercise.elf  >"WatchDog_Exercise.lss"
Finished building: WatchDog_Exercise.lss
 
Invoking: Print Size
avr-size --format=avr --mcu=atmega32 WatchDog_Exercise.elf
AVR Memory Usage
----------------
Device: atmega32

Program:    4086 bytes (12.5% Full)
(.text + .data + .bootloader)

Data:          8 bytes (0.4% Full)
(.data + .bss + .noinit)


Finished building: sizedummy
 
15:33:06 **** Incremental Build of configuration Debug for project WatchDog_Exercise ****
make all 
Invoking: Print Size
avr-size --format=avr --mcu=atmega32 WatchDog_Exercise.elf
AVR Memory Usage
----------------
Device: atmega32

Program:    4086 bytes (12.5% Full)
(.text + .data + .bootloader)

Data:          8 bytes (0.4% Full)
(.data + .bss + .noinit)


Finished building: sizedummy
 
15:34:09 **** Incremental Build of configuration Debug for project WatchDog_Exercise ****
make all 
Building file: ../WatchDog_Exercise.c
Invoking: AVR Compiler
avr-gcc -Wall -g2 -gstabs -O0 -fpack-struct -fshort-enums -ffunction-sections -fdata-sections -std=gnu99 -funsigned-char -funsigned-bitfields -mmcu=atmega32 -DF_CPU=1000000UL -MMD -MP -MF"WatchDog_Exercise.d" -MT"WatchDog_Exercise.o" -c -o "WatchDog_Exercise.o" "../WatchDog_Exercise.c"
In file included from ../WatchDog_Exercise.c:9:
c:/winavr-20100110/lib/gcc/../../avr/include/util/delay.h:90:3: warning: #warning "Compiler optimizations disabled; functions from <util/delay.h> won't work as designed"
Finished building: ../WatchDog_Exercise.c
 
Building target: WatchDog_Exercise.elf
Invoking: AVR C Linker
avr-gcc -Wl,-Map,WatchDog_Exercise.map -mmcu=atmega32 -o "WatchDog_Exercise.elf"  ./WatchDog_Exercise.o   
Finished building target: WatchDog_Exercise.elf
 
Invoking: AVR Create Extended Listing
avr-objdump -h -S WatchDog_Exercise.elf  >"WatchDog_Exercise.lss"
Finished building: WatchDog_Exercise.lss
 
Invoking: Print Size
avr-size --format=avr --mcu=atmega32 WatchDog_Exercise.elf
AVR Memory Usage
----------------
Device: atmega32

Program:    4090 bytes (12.5% Full)
(.text + .data + .bootloader)

Data:          8 bytes (0.4% Full)
(.data + .bss + .noinit)


Finished building: sizedummy
 
15:35:17 **** Incremental Build of configuration Debug for project WatchDog_Exercise ****
make all 
Building file: ../WatchDog_Exercise.c
Invoking: AVR Compiler
avr-gcc -Wall -g2 -gstabs -O0 -fpack-struct -fshort-enums -ffunction-sections -fdata-sections -std=gnu99 -funsigned-char -funsigned-bitfields -mmcu=atmega32 -DF_CPU=1000000UL -MMD -MP -MF"WatchDog_Exercise.d" -MT"WatchDog_Exercise.o" -c -o "WatchDog_Exercise.o" "../WatchDog_Exercise.c"
In file included from ../WatchDog_Exercise.c:9:
c:/winavr-20100110/lib/gcc/../../avr/include/util/delay.h:90:3: warning: #warning "Compiler optimizations disabled; functions from <util/delay.h> won't work as designed"
Finished building: ../WatchDog_Exercise.c
 
Building target: WatchDog_Exercise.elf
Invoking: AVR C Linker
avr-gcc -Wl,-Map,WatchDog_Exercise.map -mmcu=atmega32 -o "WatchDog_Exercise.elf"  ./WatchDog_Exercise.o   
Finished building target: WatchDog_Exercise.elf
 
Invoking: AVR Create Extended Listing
avr-objdump -h -S WatchDog_Exercise.elf  >"WatchDog_Exercise.lss"
Finished building: WatchDog_Exercise.lss
 
Invoking: Print Size
avr-size --format=avr --mcu=atmega32 WatchDog_Exercise.elf
AVR Memory Usage
----------------
Device: atmega32

Program:    4086 bytes (12.5% Full)
(.text + .data + .bootloader)

Data:          8 bytes (0.4% Full)
(.data + .bss + .noinit)


Finished building: sizedummy
 
20:32:17 **** Incremental Build of configuration Debug for project WatchDog_Exercise ****
make all 
Building file: ../WatchDog_Exercise.c
Invoking: AVR Compiler
avr-gcc -Wall -g2 -gstabs -O0 -fpack-struct -fshort-enums -ffunction-sections -fdata-sections -std=gnu99 -funsigned-char -funsigned-bitfields -mmcu=atmega32 -DF_CPU=1000000UL -MMD -MP -MF"WatchDog_Exercise.d" -MT"WatchDog_Exercise.o" -c -o "WatchDog_Exercise.o" "../WatchDog_Exercise.c"
In file included from ../WatchDog_Exercise.c:9:
c:/winavr-20100110/lib/gcc/../../avr/include/util/delay.h:90:3: warning: #warning "Compiler optimizations disabled; functions from <util/delay.h> won't work as designed"
Finished building: ../WatchDog_Exercise.c
 
Building target: WatchDog_Exercise.elf
Invoking: AVR C Linker
avr-gcc -Wl,-Map,WatchDog_Exercise.map -mmcu=atmega32 -o "WatchDog_Exercise.elf"  ./WatchDog_Exercise.o   
Finished building target: WatchDog_Exercise.elf
 
Invoking: AVR Create Extended Listing
avr-objdump -h -S WatchDog_Exercise.elf  >"WatchDog_Exercise.lss"
Finished building: WatchDog_Exercise.lss
 
Invoking: Print Size
avr-size --format=avr --mcu=atmega32 WatchDog_Exercise.elf
AVR Memory Usage
----------------
Device: atmega32

Program:    4086 bytes (12.5% Full)
(.text + .data + .bootloader)

Data:          8 bytes (0.4% Full)
(.data + .bss + .noinit)


Finished building: sizedummy
 
20:32:51 **** Incremental Build of configuration Debug for project WatchDog_Exercise ****
make all 
Building file: ../WatchDog_Exercise.c
Invoking: AVR Compiler
avr-gcc -Wall -g2 -gstabs -O0 -fpack-struct -fshort-enums -ffunction-sections -fdata-sections -std=gnu99 -funsigned-char -funsigned-bitfields -mmcu=atmega32 -DF_CPU=1000000UL -MMD -MP -MF"WatchDog_Exercise.d" -MT"WatchDog_Exercise.o" -c -o "WatchDog_Exercise.o" "../WatchDog_Exercise.c"
In file included from ../WatchDog_Exercise.c:9:
c:/winavr-20100110/lib/gcc/../../avr/include/util/delay.h:90:3: warning: #warning "Compiler optimizations disabled; functions from <util/delay.h> won't work as designed"
Finished building: ../WatchDog_Exercise.c
 
Building target: WatchDog_Exercise.elf
Invoking: AVR C Linker
avr-gcc -Wl,-Map,WatchDog_Exercise.map -mmcu=atmega32 -o "WatchDog_Exercise.elf"  ./WatchDog_Exercise.o   
Finished building target: WatchDog_Exercise.elf
 
Invoking: AVR Create Extended Listing
avr-objdump -h -S WatchDog_Exercise.elf  >"WatchDog_Exercise.lss"
Finished building: WatchDog_Exercise.lss
 
Invoking: Print Size
avr-size --format=avr --mcu=atmega32 WatchDog_Exercise.elf
AVR Memory Usage
----------------
Device: atmega32

Program:    4090 bytes (12.5% Full)
(.text + .data + .bootloader)

Data:          8 bytes (0.4% Full)
(.data + .bss + .noinit)


Finished building: sizedummy
 
20:33:13 **** Incremental Build of configuration Debug for project WatchDog_Exercise ****
make all 
Invoking: Print Size
avr-size --format=avr --mcu=atmega32 WatchDog_Exercise.elf
AVR Memory Usage
----------------
Device: atmega32

Program:    4090 bytes (12.5% Full)
(.text + .data + .bootloader)

Data:          8 bytes (0.4% Full)
(.data + .bss + .noinit)


Finished building: sizedummy
 
20:34:16 **** Incremental Build of configuration Debug for project WatchDog_Exercise ****
make all 
Building file: ../WatchDog_Exercise.c
Invoking: AVR Compiler
avr-gcc -Wall -g2 -gstabs -O0 -fpack-struct -fshort-enums -ffunction-sections -fdata-sections -std=gnu99 -funsigned-char -funsigned-bitfields -mmcu=atmega32 -DF_CPU=1000000UL -MMD -MP -MF"WatchDog_Exercise.d" -MT"WatchDog_Exercise.o" -c -o "WatchDog_Exercise.o" "../WatchDog_Exercise.c"
In file included from ../WatchDog_Exercise.c:9:
c:/winavr-20100110/lib/gcc/../../avr/include/util/delay.h:90:3: warning: #warning "Compiler optimizations disabled; functions from <util/delay.h> won't work as designed"
Finished building: ../WatchDog_Exercise.c
 
Building target: WatchDog_Exercise.elf
Invoking: AVR C Linker
avr-gcc -Wl,-Map,WatchDog_Exercise.map -mmcu=atmega32 -o "WatchDog_Exercise.elf"  ./WatchDog_Exercise.o   
Finished building target: WatchDog_Exercise.elf
 
Invoking: AVR Create Extended Listing
avr-objdump -h -S WatchDog_Exercise.elf  >"WatchDog_Exercise.lss"
Finished building: WatchDog_Exercise.lss
 
Invoking: Print Size
avr-size --format=avr --mcu=atmega32 WatchDog_Exercise.elf
AVR Memory Usage
----------------
Device: atmega32

Program:    4086 bytes (12.5% Full)
(.text + .data + .bootloader)

Data:          8 bytes (0.4% Full)
(.data + .bss + .noinit)


Finished building: sizedummy
 
10:42:08 **** Incremental Build of configuration Debug for project WatchDog_Exercise ****
make all 
Building file: ../WatchDog_Exercise.c
Invoking: AVR Compiler
avr-gcc -Wall -g2 -gstabs -O0 -fpack-struct -fshort-enums -ffunction-sections -fdata-sections -std=gnu99 -funsigned-char -funsigned-bitfields -mmcu=atmega32 -DF_CPU=1000000UL -MMD -MP -MF"WatchDog_Exercise.d" -MT"WatchDog_Exercise.o" -c -o "WatchDog_Exercise.o" "../WatchDog_Exercise.c"
In file included from ../WatchDog_Exercise.c:9:
c:/winavr-20100110/lib/gcc/../../avr/include/util/delay.h:90:3: warning: #warning "Compiler optimizations disabled; functions from <util/delay.h> won't work as designed"
Finished building: ../WatchDog_Exercise.c
 
Building target: WatchDog_Exercise.elf
Invoking: AVR C Linker
avr-gcc -Wl,-Map,WatchDog_Exercise.map -mmcu=atmega32 -o "WatchDog_Exercise.elf"  ./WatchDog_Exercise.o   
Finished building target: WatchDog_Exercise.elf
 
Invoking: AVR Create Extended Listing
avr-objdump -h -S WatchDog_Exercise.elf  >"WatchDog_Exercise.lss"
Finished building: WatchDog_Exercise.lss
 
Invoking: Print Size
avr-size --format=avr --mcu=atmega32 WatchDog_Exercise.elf
AVR Memory Usage
----------------
Device: atmega32

Program:    4086 bytes (12.5% Full)
(.text + .data + .bootloader)

Data:          8 bytes (0.4% Full)
(.data + .bss + .noinit)


Finished building: sizedummy
 
10:42:52 **** Incremental Build of configuration Debug for project WatchDog_Exercise ****
make all 
Building file: ../WatchDog_Exercise.c
Invoking: AVR Compiler
avr-gcc -Wall -g2 -gstabs -O0 -fpack-struct -fshort-enums -ffunction-sections -fdata-sections -std=gnu99 -funsigned-char -funsigned-bitfields -mmcu=atmega32 -DF_CPU=1000000UL -MMD -MP -MF"WatchDog_Exercise.d" -MT"WatchDog_Exercise.o" -c -o "WatchDog_Exercise.o" "../WatchDog_Exercise.c"
In file included from ../WatchDog_Exercise.c:9:
c:/winavr-20100110/lib/gcc/../../avr/include/util/delay.h:90:3: warning: #warning "Compiler optimizations disabled; functions from <util/delay.h> won't work as designed"
Finished building: ../WatchDog_Exercise.c
 
Building target: WatchDog_Exercise.elf
Invoking: AVR C Linker
avr-gcc -Wl,-Map,WatchDog_Exercise.map -mmcu=atmega32 -o "WatchDog_Exercise.elf"  ./WatchDog_Exercise.o   
Finished building target: WatchDog_Exercise.elf
 
Invoking: AVR Create Extended Listing
avr-objdump -h -S WatchDog_Exercise.elf  >"WatchDog_Exercise.lss"
Finished building: WatchDog_Exercise.lss
 
Invoking: Print Size
avr-size --format=avr --mcu=atmega32 WatchDog_Exercise.elf
AVR Memory Usage
----------------
Device: atmega32

Program:    4090 bytes (12.5% Full)
(.text + .data + .bootloader)

Data:          8 bytes (0.4% Full)
(.data + .bss + .noinit)


Finished building: sizedummy
 
10:43:26 **** Incremental Build of configuration Debug for project WatchDog_Exercise ****
make all 
Invoking: Print Size
avr-size --format=avr --mcu=atmega32 WatchDog_Exercise.elf
AVR Memory Usage
----------------
Device: atmega32

Program:    4090 bytes (12.5% Full)
(.text + .data + .bootloader)

Data:          8 bytes (0.4% Full)
(.data + .bss + .noinit)


Finished building: sizedummy
 
11:11:34 **** Incremental Build of configuration Debug for project WatchDog_Exercise ****
make all 
Building file: ../WatchDog_Exercise.c
Invoking: AVR Compiler
avr-gcc -Wall -g2 -gstabs -O0 -fpack-struct -fshort-enums -ffunction-sections -fdata-sections -std=gnu99 -funsigned-char -funsigned-bitfields -mmcu=atmega32 -DF_CPU=1000000UL -MMD -MP -MF"WatchDog_Exercise.d" -MT"WatchDog_Exercise.o" -c -o "WatchDog_Exercise.o" "../WatchDog_Exercise.c"
In file included from ../WatchDog_Exercise.c:9:
c:/winavr-20100110/lib/gcc/../../avr/include/util/delay.h:90:3: warning: #warning "Compiler optimizations disabled; functions from <util/delay.h> won't work as designed"
Finished building: ../WatchDog_Exercise.c
 
Building target: WatchDog_Exercise.elf
Invoking: AVR C Linker
avr-gcc -Wl,-Map,WatchDog_Exercise.map -mmcu=atmega32 -o "WatchDog_Exercise.elf"  ./WatchDog_Exercise.o   
Finished building target: WatchDog_Exercise.elf
 
Invoking: AVR Create Extended Listing
avr-objdump -h -S WatchDog_Exercise.elf  >"WatchDog_Exercise.lss"
Finished building: WatchDog_Exercise.lss
 
Invoking: Print Size
avr-size --format=avr --mcu=atmega32 WatchDog_Exercise.elf
AVR Memory Usage
----------------
Device: atmega32

Program:    4086 bytes (12.5% Full)
(.text + .data + .bootloader)

Data:          8 bytes (0.4% Full)
(.data + .bss + .noinit)


Finished building: sizedummy
 
18:38:10 **** Incremental Build of configuration Debug for project WatchDog_Exercise ****
make all 
Building file: ../WatchDog_Exercise.c
Invoking: AVR Compiler
avr-gcc -Wall -g2 -gstabs -O0 -fpack-struct -fshort-enums -ffunction-sections -fdata-sections -std=gnu99 -funsigned-char -funsigned-bitfields -mmcu=atmega32 -DF_CPU=1000000UL -MMD -MP -MF"WatchDog_Exercise.d" -MT"WatchDog_Exercise.o" -c -o "WatchDog_Exercise.o" "../WatchDog_Exercise.c"
In file included from ../WatchDog_Exercise.c:9:
c:/winavr-20100110/lib/gcc/../../avr/include/util/delay.h:90:3: warning: #warning "Compiler optimizations disabled; functions from <util/delay.h> won't work as designed"
Finished building: ../WatchDog_Exercise.c
 
Building target: WatchDog_Exercise.elf
Invoking: AVR C Linker
avr-gcc -Wl,-Map,WatchDog_Exercise.map -mmcu=atmega32 -o "WatchDog_Exercise.elf"  ./WatchDog_Exercise.o   
Finished building target: WatchDog_Exercise.elf
 
Invoking: AVR Create Extended Listing
avr-objdump -h -S WatchDog_Exercise.elf  >"WatchDog_Exercise.lss"
Finished building: WatchDog_Exercise.lss
 
Invoking: Print Size
avr-size --format=avr --mcu=atmega32 WatchDog_Exercise.elf
AVR Memory Usage
----------------
Device: atmega32

Program:    4086 bytes (12.5% Full)
(.text + .data + .bootloader)

Data:          8 bytes (0.4% Full)
(.data + .bss + .noinit)


Finished building: sizedummy
 
